#
# There is insufficient memory for the Java Runtime Environment to continue.
# Native memory allocation (malloc) failed to allocate 131088 bytes for Chunk::new
# Possible reasons:
#   The system is out of physical RAM or swap space
#   In 32 bit mode, the process size limit was hit
# Possible solutions:
#   Reduce memory load on the system
#   Increase physical memory or swap space
#   Check if swap backing store is full
#   Use 64 bit Java on a 64 bit OS
#   Decrease Java heap size (-Xmx/-Xms)
#   Decrease number of Java threads
#   Decrease Java thread stack sizes (-Xss)
#   Set larger code cache with -XX:ReservedCodeCacheSize=
# This output file may be truncated or incomplete.
#
#  Out of Memory Error (allocation.cpp:390), pid=4400, tid=11424
#
# JRE version: Java(TM) SE Runtime Environment (8.0_74-b02) (build 1.8.0_74-b02)
# Java VM: Java HotSpot(TM) 64-Bit Server VM (25.74-b02 mixed mode windows-amd64 compressed oops)
# Failed to write core dump. Minidumps are not enabled by default on client versions of Windows
#

---------------  T H R E A D  ---------------

Current thread (0x00000000167e4000):  JavaThread "C2 CompilerThread2" daemon [_thread_in_native, id=11424, stack(0x0000000018020000,0x0000000018120000)]

Stack: [0x0000000018020000,0x0000000018120000]
[error occurred during error reporting (printing stack bounds), id 0xc0000005]

Native frames: (J=compiled Java code, j=interpreted, Vv=VM code, C=native code)


Current CompileTask:
C2:  22143 2361 %     4       com.android.dx.ssa.SsaMethod::convertRopToSsaBlocks @ 27 (103 bytes)


---------------  P R O C E S S  ---------------

Java Threads: ( => current thread )
  0x0000000018637000 JavaThread "pool-2-thread-4" [_thread_in_Java, id=9208, stack(0x0000000018e30000,0x0000000018f30000)]
  0x0000000018600000 JavaThread "pool-2-thread-3" [_thread_in_Java, id=6788, stack(0x00000000192e0000,0x00000000193e0000)]
  0x00000000185ff800 JavaThread "pool-2-thread-2" [_thread_in_Java, id=9888, stack(0x0000000019140000,0x0000000019240000)]
  0x00000000185fe800 JavaThread "pool-3-thread-1" [_thread_blocked, id=4584, stack(0x0000000018fc0000,0x00000000190c0000)]
  0x00000000185fc000 JavaThread "pool-2-thread-1" [_thread_in_Java, id=11692, stack(0x0000000018d30000,0x0000000018e30000)]
  0x00000000167f0000 JavaThread "Service Thread" daemon [_thread_blocked, id=9448, stack(0x00000000183b0000,0x00000000184b0000)]
  0x00000000167e7000 JavaThread "C1 CompilerThread3" daemon [_thread_blocked, id=4936, stack(0x0000000018260000,0x0000000018360000)]
=>0x00000000167e4000 JavaThread "C2 CompilerThread2" daemon [_thread_in_native, id=11424, stack(0x0000000018020000,0x0000000018120000)]
  0x0000000016788800 JavaThread "C2 CompilerThread1" daemon [_thread_blocked, id=1188, stack(0x0000000017d90000,0x0000000017e90000)]
  0x000000001677a000 JavaThread "C2 CompilerThread0" daemon [_thread_blocked, id=10988, stack(0x0000000017ee0000,0x0000000017fe0000)]
  0x000000001676d800 JavaThread "Attach Listener" daemon [_thread_blocked, id=9788, stack(0x0000000017c40000,0x0000000017d40000)]
  0x0000000016777000 JavaThread "Signal Dispatcher" daemon [_thread_blocked, id=9164, stack(0x0000000017930000,0x0000000017a30000)]
  0x00000000156af800 JavaThread "Finalizer" daemon [_thread_blocked, id=9304, stack(0x0000000017a40000,0x0000000017b40000)]
  0x00000000156a6800 JavaThread "Reference Handler" daemon [_thread_blocked, id=4588, stack(0x0000000017670000,0x0000000017770000)]
  0x000000000017e800 JavaThread "main" [_thread_in_native, id=7292, stack(0x0000000002590000,0x0000000002690000)]

Other Threads:
  0x0000000016710800 VMThread [stack: 0x0000000017830000,0x0000000017930000] [id=3892]
  0x0000000016881800 WatcherThread [stack: 0x0000000017b40000,0x0000000017c40000] [id=5044]

VM state:not at safepoint (normal execution)

VM Mutex/Monitor currently owned by a thread: None

Heap:
 PSYoungGen      total 171520K, used 66842K [0x00000000eab00000, 0x00000000ffd00000, 0x0000000100000000)
  eden space 84480K, 79% used [0x00000000eab00000,0x00000000eec469f8,0x00000000efd80000)
  from space 87040K, 0% used [0x00000000efd80000,0x00000000efd80000,0x00000000f5280000)
  to   space 116224K, 0% used [0x00000000f8b80000,0x00000000f8b80000,0x00000000ffd00000)
 ParOldGen       total 224256K, used 86416K [0x00000000c0000000, 0x00000000cdb00000, 0x00000000eab00000)
  object space 224256K, 38% used [0x00000000c0000000,0x00000000c54642f0,0x00000000cdb00000)
 Metaspace       used 6512K, capacity 7192K, committed 7424K, reserved 1056768K
  class space    used 629K, capacity 656K, committed 768K, reserved 1048576K

Card table byte_map: [0x0000000011a50000,0x0000000011c60000] byte_map_base: 0x0000000011450000

Marking Bits: (ParMarkBitMap*) 0x00000000543f0600
 Begin Bits: [0x0000000012ac0000, 0x0000000013ac0000)
 End Bits:   [0x0000000013ac0000, 0x0000000014ac0000)

Polling page: 0x0000000000130000

CodeCache: size=245760Kb used=8401Kb max_used=9641Kb free=237359Kb
 bounds [0x0000000002690000, 0x0000000003010000, 0x0000000011690000]
 total_blobs=2139 nmethods=1865 adapters=184
 compilation: enabled

Compilation events (10 events):
Event: 22.091 Thread 0x00000000167e7000 2358       3       sun.util.calendar.CalendarDate::setTimeOfDay (6 bytes)
Event: 22.091 Thread 0x00000000167e7000 nmethod 2358 0x0000000002816190 code [0x00000000028162e0, 0x0000000002816430]
Event: 22.091 Thread 0x00000000167e7000 2359       3       sun.util.calendar.CalendarDate::setLeapYear (6 bytes)
Event: 22.091 Thread 0x00000000167e7000 nmethod 2359 0x00000000027a6b50 code [0x00000000027a6ca0, 0x00000000027a6df0]
Event: 22.092 Thread 0x00000000167e7000 2360       3       java.util.TimeZone::getDefaultRef (32 bytes)
Event: 22.092 Thread 0x00000000167e7000 nmethod 2360 0x000000000285dc90 code [0x000000000285de00, 0x000000000285dfc8]
Event: 22.092 Thread 0x00000000167e7000 2357       3       sun.util.calendar.CalendarDate::setMillis (20 bytes)
Event: 22.092 Thread 0x000000001677a000 nmethod 2356 0x00000000027bd010 code [0x00000000027bd160, 0x00000000027bd1f8]
Event: 22.092 Thread 0x00000000167e7000 nmethod 2357 0x0000000002818310 code [0x0000000002818460, 0x00000000028185f0]
Event: 22.101 Thread 0x00000000167e4000 2361 %     4       com.android.dx.ssa.SsaMethod::convertRopToSsaBlocks @ 27 (103 bytes)

GC Heap History (10 events):
Event: 20.095 GC heap before
{Heap before GC invocations=10 (full 2):
 PSYoungGen      total 138240K, used 117906K [0x00000000eab00000, 0x00000000f9480000, 0x0000000100000000)
  eden space 74240K, 100% used [0x00000000eab00000,0x00000000ef380000,0x00000000ef380000)
  from space 64000K, 68% used [0x00000000ef380000,0x00000000f1e24818,0x00000000f3200000)
  to   space 67584K, 0% used [0x00000000f5280000,0x00000000f5280000,0x00000000f9480000)
 ParOldGen       total 224256K, used 91554K [0x00000000c0000000, 0x00000000cdb00000, 0x00000000eab00000)
  object space 224256K, 40% used [0x00000000c0000000,0x00000000c5968b28,0x00000000cdb00000)
 Metaspace       used 6512K, capacity 7192K, committed 7424K, reserved 1056768K
  class space    used 629K, capacity 656K, committed 768K, reserved 1048576K
Event: 20.497 GC heap after
Heap after GC invocations=10 (full 2):
 PSYoungGen      total 152064K, used 67567K [0x00000000eab00000, 0x00000000fc600000, 0x0000000100000000)
  eden space 84480K, 0% used [0x00000000eab00000,0x00000000eab00000,0x00000000efd80000)
  from space 67584K, 99% used [0x00000000f5280000,0x00000000f947bd00,0x00000000f9480000)
  to   space 87040K, 0% used [0x00000000efd80000,0x00000000efd80000,0x00000000f5280000)
 ParOldGen       total 224256K, used 107318K [0x00000000c0000000, 0x00000000cdb00000, 0x00000000eab00000)
  object space 224256K, 47% used [0x00000000c0000000,0x00000000c68cd818,0x00000000cdb00000)
 Metaspace       used 6512K, capacity 7192K, committed 7424K, reserved 1056768K
  class space    used 629K, capacity 656K, committed 768K, reserved 1048576K
}
Event: 20.788 GC heap before
{Heap before GC invocations=11 (full 2):
 PSYoungGen      total 152064K, used 152047K [0x00000000eab00000, 0x00000000fc600000, 0x0000000100000000)
  eden space 84480K, 100% used [0x00000000eab00000,0x00000000efd80000,0x00000000efd80000)
  from space 67584K, 99% used [0x00000000f5280000,0x00000000f947bd00,0x00000000f9480000)
  to   space 87040K, 0% used [0x00000000efd80000,0x00000000efd80000,0x00000000f5280000)
 ParOldGen       total 224256K, used 107318K [0x00000000c0000000, 0x00000000cdb00000, 0x00000000eab00000)
  object space 224256K, 47% used [0x00000000c0000000,0x00000000c68cd818,0x00000000cdb00000)
 Metaspace       used 6512K, capacity 7192K, committed 7424K, reserved 1056768K
  class space    used 629K, capacity 656K, committed 768K, reserved 1048576K
Event: 20.906 GC heap after
Heap after GC invocations=11 (full 2):
 PSYoungGen      total 171520K, used 78657K [0x00000000eab00000, 0x00000000fdb80000, 0x0000000100000000)
  eden space 84480K, 0% used [0x00000000eab00000,0x00000000eab00000,0x00000000efd80000)
  from space 87040K, 90% used [0x00000000efd80000,0x00000000f4a505f8,0x00000000f5280000)
  to   space 99328K, 0% used [0x00000000f7a80000,0x00000000f7a80000,0x00000000fdb80000)
 ParOldGen       total 224256K, used 107318K [0x00000000c0000000, 0x00000000cdb00000, 0x00000000eab00000)
  object space 224256K, 47% used [0x00000000c0000000,0x00000000c68cd818,0x00000000cdb00000)
 Metaspace       used 6512K, capacity 7192K, committed 7424K, reserved 1056768K
  class space    used 629K, capacity 656K, committed 768K, reserved 1048576K
}
Event: 21.019 GC heap before
{Heap before GC invocations=12 (full 2):
 PSYoungGen      total 171520K, used 163137K [0x00000000eab00000, 0x00000000fdb80000, 0x0000000100000000)
  eden space 84480K, 100% used [0x00000000eab00000,0x00000000efd80000,0x00000000efd80000)
  from space 87040K, 90% used [0x00000000efd80000,0x00000000f4a505f8,0x00000000f5280000)
  to   space 99328K, 0% used [0x00000000f7a80000,0x00000000f7a80000,0x00000000fdb80000)
 ParOldGen       total 224256K, used 107318K [0x00000000c0000000, 0x00000000cdb00000, 0x00000000eab00000)
  object space 224256K, 47% used [0x00000000c0000000,0x00000000c68cd818,0x00000000cdb00000)
 Metaspace       used 6512K, capacity 7192K, committed 7424K, reserved 1056768K
  class space    used 629K, capacity 656K, committed 768K, reserved 1048576K
Event: 21.138 GC heap after
Heap after GC invocations=12 (full 2):
 PSYoungGen      total 183808K, used 99324K [0x00000000eab00000, 0x00000000fdb80000, 0x0000000100000000)
  eden space 84480K, 0% used [0x00000000eab00000,0x00000000eab00000,0x00000000efd80000)
  from space 99328K, 99% used [0x00000000f7a80000,0x00000000fdb7f3c8,0x00000000fdb80000)
  to   space 87040K, 0% used [0x00000000efd80000,0x00000000efd80000,0x00000000f5280000)
 ParOldGen       total 224256K, used 128326K [0x00000000c0000000, 0x00000000cdb00000, 0x00000000eab00000)
  object space 224256K, 57% used [0x00000000c0000000,0x00000000c7d51938,0x00000000cdb00000)
 Metaspace       used 6512K, capacity 7192K, committed 7424K, reserved 1056768K
  class space    used 629K, capacity 656K, committed 768K, reserved 1048576K
}
Event: 21.446 GC heap before
{Heap before GC invocations=13 (full 2):
 PSYoungGen      total 183808K, used 183588K [0x00000000eab00000, 0x00000000fdb80000, 0x0000000100000000)
  eden space 84480K, 99% used [0x00000000eab00000,0x00000000efd49de0,0x00000000efd80000)
  from space 99328K, 99% used [0x00000000f7a80000,0x00000000fdb7f3c8,0x00000000fdb80000)
  to   space 87040K, 0% used [0x00000000efd80000,0x00000000efd80000,0x00000000f5280000)
 ParOldGen       total 224256K, used 128326K [0x00000000c0000000, 0x00000000cdb00000, 0x00000000eab00000)
  object space 224256K, 57% used [0x00000000c0000000,0x00000000c7d51938,0x00000000cdb00000)
 Metaspace       used 6512K, capacity 7192K, committed 7424K, reserved 1056768K
  class space    used 629K, capacity 656K, committed 768K, reserved 1048576K
Event: 21.541 GC heap after
Heap after GC invocations=13 (full 2):
 PSYoungGen      total 171520K, used 65179K [0x00000000eab00000, 0x00000000ffd00000, 0x0000000100000000)
  eden space 84480K, 0% used [0x00000000eab00000,0x00000000eab00000,0x00000000efd80000)
  from space 87040K, 74% used [0x00000000efd80000,0x00000000f3d26de8,0x00000000f5280000)
  to   space 116224K, 0% used [0x00000000f8b80000,0x00000000f8b80000,0x00000000ffd00000)
 ParOldGen       total 224256K, used 192369K [0x00000000c0000000, 0x00000000cdb00000, 0x00000000eab00000)
  object space 224256K, 85% used [0x00000000c0000000,0x00000000cbbdc720,0x00000000cdb00000)
 Metaspace       used 6512K, capacity 7192K, committed 7424K, reserved 1056768K
  class space    used 629K, capacity 656K, committed 768K, reserved 1048576K
}
Event: 21.541 GC heap before
{Heap before GC invocations=14 (full 3):
 PSYoungGen      total 171520K, used 65179K [0x00000000eab00000, 0x00000000ffd00000, 0x0000000100000000)
  eden space 84480K, 0% used [0x00000000eab00000,0x00000000eab00000,0x00000000efd80000)
  from space 87040K, 74% used [0x00000000efd80000,0x00000000f3d26de8,0x00000000f5280000)
  to   space 116224K, 0% used [0x00000000f8b80000,0x00000000f8b80000,0x00000000ffd00000)
 ParOldGen       total 224256K, used 192369K [0x00000000c0000000, 0x00000000cdb00000, 0x00000000eab00000)
  object space 224256K, 85% used [0x00000000c0000000,0x00000000cbbdc720,0x00000000cdb00000)
 Metaspace       used 6512K, capacity 7192K, committed 7424K, reserved 1056768K
  class space    used 629K, capacity 656K, committed 768K, reserved 1048576K
Event: 22.038 GC heap after
Heap after GC invocations=14 (full 3):
 PSYoungGen      total 171520K, used 0K [0x00000000eab00000, 0x00000000ffd00000, 0x0000000100000000)
  eden space 84480K, 0% used [0x00000000eab00000,0x00000000eab00000,0x00000000efd80000)
  from space 87040K, 0% used [0x00000000efd80000,0x00000000efd80000,0x00000000f5280000)
  to   space 116224K, 0% used [0x00000000f8b80000,0x00000000f8b80000,0x00000000ffd00000)
 ParOldGen       total 224256K, used 86416K [0x00000000c0000000, 0x00000000cdb00000, 0x00000000eab00000)
  object space 224256K, 38% used [0x00000000c0000000,0x00000000c54642f0,0x00000000cdb00000)
 Metaspace       used 6512K, capacity 7192K, committed 7424K, reserved 1056768K
  class space    used 629K, capacity 656K, committed 768K, reserved 1048576K
}

Deoptimization events (10 events):
Event: 14.461 Thread 0x0000000018600000 Uncommon trap: reason=unstable_if action=reinterpret pc=0x0000000002b7d430 method=com.android.dx.ssa.MoveParamCombiner$1.visitNonMoveInsn(Lcom/android/dx/ssa/NormalSsaInsn;)V @ 27
Event: 18.422 Thread 0x0000000018600000 Uncommon trap: reason=predicate action=maybe_recompile pc=0x0000000002ed0394 method=com.android.dx.ssa.DomFront.run()[Lcom/android/dx/ssa/DomFront$DomInfo; @ 175
Event: 18.728 Thread 0x0000000018600000 Uncommon trap: reason=class_check action=maybe_recompile pc=0x0000000002e674c8 method=com.android.dx.ssa.SsaConverter.placePhiFunctions(Lcom/android/dx/ssa/SsaMethod;Lcom/android/dx/ssa/LocalVariableInfo;I)V @ 257
Event: 18.879 Thread 0x0000000018600000 Uncommon trap: reason=unstable_if action=reinterpret pc=0x0000000002a298ac method=com.android.dx.ssa.SetFactory.makeLivenessSet(I)Lcom/android/dx/util/IntSet; @ 4
Event: 18.879 Thread 0x0000000018600000 Uncommon trap: reason=unstable_if action=reinterpret pc=0x00000000029e1b1c method=com.android.dx.ssa.SetFactory.makeLivenessSet(I)Lcom/android/dx/util/IntSet; @ 4
Event: 18.966 Thread 0x0000000018600000 Uncommon trap: reason=class_check action=maybe_recompile pc=0x0000000002e535a8 method=com.android.dx.ssa.back.InterferenceGraph.mergeInterferenceSet(ILcom/android/dx/util/IntSet;)V @ 20
Event: 18.968 Thread 0x0000000018600000 Uncommon trap: reason=class_check action=maybe_recompile pc=0x0000000002e535a8 method=com.android.dx.ssa.back.InterferenceGraph.mergeInterferenceSet(ILcom/android/dx/util/IntSet;)V @ 20
Event: 18.968 Thread 0x0000000018600000 Uncommon trap: reason=class_check action=maybe_recompile pc=0x0000000002e535a8 method=com.android.dx.ssa.back.InterferenceGraph.mergeInterferenceSet(ILcom/android/dx/util/IntSet;)V @ 20
Event: 18.980 Thread 0x0000000018600000 Uncommon trap: reason=class_check action=maybe_recompile pc=0x0000000002e535a8 method=com.android.dx.ssa.back.InterferenceGraph.mergeInterferenceSet(ILcom/android/dx/util/IntSet;)V @ 20
Event: 20.633 Thread 0x00000000185ff800 Uncommon trap: reason=class_check action=maybe_recompile pc=0x0000000002e674c8 method=com.android.dx.ssa.SsaConverter.placePhiFunctions(Lcom/android/dx/ssa/SsaMethod;Lcom/android/dx/ssa/LocalVariableInfo;I)V @ 257

Internal exceptions (6 events):
Event: 0.083 Thread 0x000000000017e800 Exception <a 'java/lang/NoSuchMethodError': Method sun.misc.Unsafe.defineClass(Ljava/lang/String;[BII)Ljava/lang/Class; name or signature does not match> (0x00000000eab07cc0) thrown at [C:\re\workspace\8-2-build-windows-amd64-cygwin\jdk8u74\6087\hotspot\srA8DÕ)Cµ?
Event: 0.083 Thread 0x000000000017e800 Exception <a 'java/lang/NoSuchMethodError': Method sun.misc.Unsafe.prefetchRead(Ljava/lang/Object;J)V name or signature does not match> (0x00000000eab07fa8) thrown at [C:\re\workspace\8-2-build-windows-amd64-cygwin\jdk8u74\6087\hotspot\src\share\vm\prims\j‚£¥@
Event: 2.752 Thread 0x00000000185ff800 Implicit null exception at 0x0000000002a0b492 to 0x0000000002a0b582
Event: 8.161 Thread 0x00000000185fc000 Exception <a 'java/lang/ArrayIndexOutOfBoundsException': 18> (0x00000000ee89e3c8) thrown at [C:\re\workspace\8-2-build-windows-amd64-cygwin\jdk8u74\6087\hotspot\src\share\vm\interpreter\interpreterRuntime.cpp, line 366]
Event: 8.161 Thread 0x00000000185fc000 Exception <a 'java/lang/ArrayIndexOutOfBoundsException': 145> (0x00000000ee89ff48) thrown at [C:\re\workspace\8-2-build-windows-amd64-cygwin\jdk8u74\6087\hotspot\src\share\vm\interpreter\interpreterRuntime.cpp, line 366]
Event: 8.162 Thread 0x00000000185fc000 Exception <a 'java/lang/ArrayIndexOutOfBoundsException': 40> (0x00000000ee8a1230) thrown at [C:\re\workspace\8-2-build-windows-amd64-cygwin\jdk8u74\6087\hotspot\src\share\vm\interpreter\interpreterRuntime.cpp, line 366]

Events (10 events):
Event: 21.158 Thread 0x00000000167e4000 flushing nmethod 0x0000000002cb8b10
Event: 21.158 Thread 0x00000000167e4000 flushing nmethod 0x0000000002cbb1d0
Event: 21.195 Thread 0x00000000185ff800 DEOPT PACKING pc=0x0000000002be9257 sp=0x000000001923ed30
Event: 21.195 Thread 0x00000000185ff800 DEOPT UNPACKING pc=0x00000000026d787f sp=0x000000001923eaa0 mode 0
Event: 21.202 Thread 0x00000000185ff800 DEOPT PACKING pc=0x0000000002beb045 sp=0x000000001923edd0
Event: 21.202 Thread 0x00000000185ff800 DEOPT UNPACKING pc=0x00000000026d787f sp=0x000000001923eb80 mode 0
Event: 21.290 Thread 0x0000000018637000 DEOPT PACKING pc=0x0000000002beb045 sp=0x0000000018f2e750
Event: 21.290 Thread 0x0000000018637000 DEOPT UNPACKING pc=0x00000000026d787f sp=0x0000000018f2e500 mode 0
Event: 21.446 Executing VM operation: ParallelGCFailedAllocation
Event: 22.038 Executing VM operation: ParallelGCFailedAllocation done


Dynamic libraries:
0x000000013fa40000 - 0x000000013fa77000 	C:\Program Files\Java\jdk1.8.0_74\bin\java.exe
0x0000000077450000 - 0x00000000775f8000 	C:\Windows\SYSTEM32\ntdll.dll
0x0000000077230000 - 0x000000007734f000 	C:\Windows\system32\kernel32.dll
0x000007fefd540000 - 0x000007fefd5ac000 	C:\Windows\system32\KERNELBASE.dll
0x000007fefe0c0000 - 0x000007fefe19b000 	C:\Windows\system32\ADVAPI32.dll
0x000007fefd650000 - 0x000007fefd6ef000 	C:\Windows\system32\msvcrt.dll
0x000007feff6a0000 - 0x000007feff6bf000 	C:\Windows\SYSTEM32\sechost.dll
0x000007fefdf20000 - 0x000007fefe04d000 	C:\Windows\system32\RPCRT4.dll
0x0000000077350000 - 0x000000007744a000 	C:\Windows\system32\USER32.dll
0x000007fefe050000 - 0x000007fefe0b7000 	C:\Windows\system32\GDI32.dll
0x000007fefd5c0000 - 0x000007fefd5ce000 	C:\Windows\system32\LPK.dll
0x000007fefd900000 - 0x000007fefd9c9000 	C:\Windows\system32\USP10.dll
0x000007fefbb30000 - 0x000007fefbd24000 	C:\Windows\WinSxS\amd64_microsoft.windows.common-controls_6595b64144ccf1df_6.0.7601.17514_none_fa396087175ac9ac\COMCTL32.dll
0x000007fefd5d0000 - 0x000007fefd641000 	C:\Windows\system32\SHLWAPI.dll
0x000007fefe600000 - 0x000007fefe62e000 	C:\Windows\system32\IMM32.DLL
0x000007fefd7f0000 - 0x000007fefd8f9000 	C:\Windows\system32\MSCTF.dll
0x0000000069170000 - 0x0000000069242000 	C:\Program Files\Java\jdk1.8.0_74\jre\bin\msvcr100.dll
0x0000000053be0000 - 0x0000000054470000 	C:\Program Files\Java\jdk1.8.0_74\jre\bin\server\jvm.dll
0x000007fee9ad0000 - 0x000007fee9ad9000 	C:\Windows\system32\WSOCK32.dll
0x000007fefe1a0000 - 0x000007fefe1ed000 	C:\Windows\system32\WS2_32.dll
0x000007feff690000 - 0x000007feff698000 	C:\Windows\system32\NSI.dll
0x000007fef9800000 - 0x000007fef983b000 	C:\Windows\system32\WINMM.dll
0x000007fefc2d0000 - 0x000007fefc2dc000 	C:\Windows\system32\VERSION.dll
0x0000000077610000 - 0x0000000077617000 	C:\Windows\system32\PSAPI.DLL
0x00000000720d0000 - 0x00000000720df000 	C:\Program Files\Java\jdk1.8.0_74\jre\bin\verify.dll
0x0000000069460000 - 0x0000000069489000 	C:\Program Files\Java\jdk1.8.0_74\jre\bin\java.dll
0x000000006a460000 - 0x000000006a476000 	C:\Program Files\Java\jdk1.8.0_74\jre\bin\zip.dll
0x000007fefe630000 - 0x000007feff3b9000 	C:\Windows\system32\SHELL32.dll
0x000007fefdc30000 - 0x000007fefde33000 	C:\Windows\system32\ole32.dll
0x000007fefd210000 - 0x000007fefd21f000 	C:\Windows\system32\profapi.dll

VM Arguments:
jvm_args: -Djava.awt.headless=true -Xmx1024M -Dfile.encoding=x-windows-949 -Duser.country=KR -Duser.language=ko -Duser.variant 
java_command: com.android.dx.command.Main --dex --force-jumbo --num-threads=4 --multi-dex --output C:\Users\user\Desktop\GoogleMapsNearbyPlaces\GoogleMapsNearbyPlaces\app\build\intermediates\transforms\dex\debug\folders\1000\10\com.google.android.gms-play-services-ads-8.4.0_c51f68b77223d4ed4a4b263a19eefec7dde43cd4 C:\Users\user\Desktop\GoogleMapsNearbyPlaces\GoogleMapsNearbyPlaces\app\build\intermediates\exploded-aar\com.google.android.gms\play-services-ads\8.4.0\jars\classes.jar
java_class_path (initial): C:\Users\user\AppData\Local\Android\sdk\build-tools\23.0.2\lib\dx.jar
Launcher Type: SUN_STANDARD

Environment Variables:
JAVA_HOME=C:\Program Files\Java\jre1.8.0_101
PATH=C:\ProgramData\Oracle\Java\javapath;C:\Windows\system32;C:\Windows;C:\Windows\System32\Wbem;C:\Windows\System32\WindowsPowerShell\v1.0\;C:\Program Files\Java\jdk1.8.0_74\bin;C:\Program Files (x86)\NVIDIA Corporation\PhysX\Common;C:\Program Files (x86)\Skype\Phone\;C:\Windows\system32\config\systemprofile\.dnx\bin;C:\Program Files\Microsoft DNX\Dnvm\;C:\Program Files (x86)\Windows Kits\8.1\Windows Performance Toolkit\;C:\Program Files (x86)\Microsoft SQL Server\Client SDK\ODBC\110\Tools\Binn\;C:\Program Files (x86)\Microsoft SQL Server\120\Tools\Binn\;C:\Program Files (x86)\Microsoft SQL Server\120\DTS\Binn\;C:\Program Files (x86)\Microsoft SQL Server\120\Tools\Binn\ManagementStudio\;C:\Apache24\bin\;C:\Program Files\Java\jdk1.8.0_74\bin;
USERNAME=user
OS=Windows_NT
PROCESSOR_IDENTIFIER=Intel64 Family 6 Model 45 Stepping 7, GenuineIntel



---------------  S Y S T E M  ---------------

OS: Windows 7 , 64 bit Build 7601 (6.1.7601.18798)

CPU:total 8 (6 cores per cpu, 2 threads per core) family 6 model 45 stepping 7, cmov, cx8, fxsr, mmx, sse, sse2, sse3, ssse3, sse4.1, sse4.2, popcnt, avx, aes, clmul, ht, tsc, tscinvbit, tscinv

Memory: 4k page, physical 8325856k(623408k free), swap 10421156k(6132k free)

vm_info: Java HotSpot(TM) 64-Bit Server VM (25.74-b02) for windows-amd64 JRE (1.8.0_74-b02), built on Jan 29 2016 17:42:36 by "java_re" with MS VC++ 10.0 (VS2010)

time: Sat Dec 03 23:54:30 2016
elapsed time: 22 seconds (0d 0h 0m 22s)

