#
# There is insufficient memory for the Java Runtime Environment to continue.
# Native memory allocation (malloc) failed to allocate 647296 bytes for Chunk::new
# Possible reasons:
#   The system is out of physical RAM or swap space
#   In 32 bit mode, the process size limit was hit
# Possible solutions:
#   Reduce memory load on the system
#   Increase physical memory or swap space
#   Check if swap backing store is full
#   Use 64 bit Java on a 64 bit OS
#   Decrease Java heap size (-Xmx/-Xms)
#   Decrease number of Java threads
#   Decrease Java thread stack sizes (-Xss)
#   Set larger code cache with -XX:ReservedCodeCacheSize=
# This output file may be truncated or incomplete.
#
#  Out of Memory Error (allocation.cpp:390), pid=10416, tid=11800
#
# JRE version: Java(TM) SE Runtime Environment (8.0_74-b02) (build 1.8.0_74-b02)
# Java VM: Java HotSpot(TM) 64-Bit Server VM (25.74-b02 mixed mode windows-amd64 compressed oops)
# Failed to write core dump. Minidumps are not enabled by default on client versions of Windows
#

---------------  T H R E A D  ---------------

Current thread (0x000000001656f800):  JavaThread "C2 CompilerThread2" daemon [_thread_in_native, id=11800, stack(0x0000000017ef0000,0x0000000017ff0000)]

Stack: [0x0000000017ef0000,0x0000000017ff0000]
[error occurred during error reporting (printing stack bounds), id 0xc0000005]

Native frames: (J=compiled Java code, j=interpreted, Vv=VM code, C=native code)


Current CompileTask:
C2:   3467 1115       4       com.android.dx.ssa.LocalVariableExtractor::processBlock (383 bytes)


---------------  P R O C E S S  ---------------

Java Threads: ( => current thread )
  0x0000000016841800 JavaThread "pool-2-thread-4" [_thread_blocked, id=1900, stack(0x0000000018a90000,0x0000000018b90000)]
  0x000000001687c000 JavaThread "pool-2-thread-3" [_thread_blocked, id=9544, stack(0x00000000188d0000,0x00000000189d0000)]
  0x00000000167bc000 JavaThread "pool-2-thread-2" [_thread_in_Java, id=9376, stack(0x0000000018760000,0x0000000018860000)]
  0x00000000167a6800 JavaThread "pool-3-thread-1" [_thread_blocked, id=392, stack(0x00000000185d0000,0x00000000186d0000)]
  0x00000000167a5800 JavaThread "pool-2-thread-1" [_thread_blocked, id=568, stack(0x0000000018440000,0x0000000018540000)]
  0x0000000016614800 JavaThread "Service Thread" daemon [_thread_blocked, id=6444, stack(0x00000000181e0000,0x00000000182e0000)]
  0x00000000165bb000 JavaThread "C1 CompilerThread3" daemon [_thread_blocked, id=1776, stack(0x00000000180e0000,0x00000000181e0000)]
=>0x000000001656f800 JavaThread "C2 CompilerThread2" daemon [_thread_in_native, id=11800, stack(0x0000000017ef0000,0x0000000017ff0000)]
  0x0000000016563800 JavaThread "C2 CompilerThread1" daemon [_thread_in_native, id=9980, stack(0x00000000179d0000,0x0000000017ad0000)]
  0x0000000016558000 JavaThread "C2 CompilerThread0" daemon [_thread_in_native, id=4800, stack(0x0000000017c70000,0x0000000017d70000)]
  0x0000000016549800 JavaThread "Attach Listener" daemon [_thread_blocked, id=11396, stack(0x0000000017b00000,0x0000000017c00000)]
  0x0000000016557000 JavaThread "Signal Dispatcher" daemon [_thread_blocked, id=4724, stack(0x0000000017540000,0x0000000017640000)]
  0x00000000156ad800 JavaThread "Finalizer" daemon [_thread_blocked, id=2680, stack(0x0000000017830000,0x0000000017930000)]
  0x00000000156a6800 JavaThread "Reference Handler" daemon [_thread_blocked, id=7384, stack(0x0000000017670000,0x0000000017770000)]
  0x000000000231e000 JavaThread "main" [_thread_in_native, id=2312, stack(0x0000000002430000,0x0000000002530000)]

Other Threads:
  0x00000000164f0800 VMThread [stack: 0x0000000017440000,0x0000000017540000] [id=12056]
  0x00000000165d8000 WatcherThread [stack: 0x0000000017d80000,0x0000000017e80000] [id=10960]

VM state:not at safepoint (normal execution)

VM Mutex/Monitor currently owned by a thread: None

Heap:
 PSYoungGen      total 38400K, used 25730K [0x00000000eab00000, 0x00000000ed580000, 0x0000000100000000)
  eden space 33280K, 61% used [0x00000000eab00000,0x00000000ebf20e90,0x00000000ecb80000)
  from space 5120K, 99% used [0x00000000ecb80000,0x00000000ed07fc38,0x00000000ed080000)
  to   space 5120K, 0% used [0x00000000ed080000,0x00000000ed080000,0x00000000ed580000)
 ParOldGen       total 87552K, used 29409K [0x00000000c0000000, 0x00000000c5580000, 0x00000000eab00000)
  object space 87552K, 33% used [0x00000000c0000000,0x00000000c1cb86c0,0x00000000c5580000)
 Metaspace       used 5820K, capacity 6896K, committed 7040K, reserved 1056768K
  class space    used 588K, capacity 616K, committed 640K, reserved 1048576K

Card table byte_map: [0x0000000011a20000,0x0000000011c30000] byte_map_base: 0x0000000011420000

Marking Bits: (ParMarkBitMap*) 0x00000000543f0600
 Begin Bits: [0x0000000012ac0000, 0x0000000013ac0000)
 End Bits:   [0x0000000013ac0000, 0x0000000014ac0000)

Polling page: 0x0000000000230000

CodeCache: size=245760Kb used=5026Kb max_used=5026Kb free=240733Kb
 bounds [0x0000000002660000, 0x0000000002b50000, 0x0000000011660000]
 total_blobs=1533 nmethods=1269 adapters=177
 compilation: enabled

Compilation events (10 events):
Event: 2.499 Thread 0x00000000165bb000 1223       2       java.util.TreeMap::rotateRight (96 bytes)
Event: 2.499 Thread 0x00000000165bb000 nmethod 1223 0x0000000002aeb0d0 code [0x0000000002aeb220, 0x0000000002aeb490]
Event: 2.499 Thread 0x00000000165bb000 1224       2       com.android.dx.dex.code.RopTranslator$LocalVariableAwareTranslationVisitor::visitPlainCstInsn (11 bytes)
Event: 2.500 Thread 0x00000000165bb000 nmethod 1224 0x0000000002aeb590 code [0x0000000002aeb740, 0x0000000002aebb38]
Event: 2.500 Thread 0x00000000165bb000 1225       2       com.android.dx.dex.code.RopTranslator$TranslationVisitor::visitPlainCstInsn (161 bytes)
Event: 2.501 Thread 0x00000000165bb000 nmethod 1225 0x0000000002aebfd0 code [0x0000000002aec260, 0x0000000002aeccd8]
Event: 2.503 Thread 0x00000000165bb000 1228 %     3       com.android.dx.ssa.SsaConverter::placePhiFunctions @ 53 (394 bytes)
Event: 2.507 Thread 0x00000000165bb000 nmethod 1228% 0x0000000002aee150 code [0x0000000002aee6e0, 0x0000000002af1cb8]
Event: 2.507 Thread 0x00000000165bb000 1229       2       com.android.dx.rop.cst.CstFieldRef::compareTo0 (43 bytes)
Event: 2.507 Thread 0x00000000165bb000 nmethod 1229 0x0000000002af5550 code [0x0000000002af5700, 0x0000000002af5a28]

GC Heap History (6 events):
Event: 2.192 GC heap before
{Heap before GC invocations=1 (full 0):
 PSYoungGen      total 38400K, used 33280K [0x00000000eab00000, 0x00000000ed580000, 0x0000000100000000)
  eden space 33280K, 100% used [0x00000000eab00000,0x00000000ecb80000,0x00000000ecb80000)
  from space 5120K, 0% used [0x00000000ed080000,0x00000000ed080000,0x00000000ed580000)
  to   space 5120K, 0% used [0x00000000ecb80000,0x00000000ecb80000,0x00000000ed080000)
 ParOldGen       total 87552K, used 0K [0x00000000c0000000, 0x00000000c5580000, 0x00000000eab00000)
  object space 87552K, 0% used [0x00000000c0000000,0x00000000c0000000,0x00000000c5580000)
 Metaspace       used 5721K, capacity 6832K, committed 7040K, reserved 1056768K
  class space    used 587K, capacity 616K, committed 640K, reserved 1048576K
Event: 2.204 GC heap after
Heap after GC invocations=1 (full 0):
 PSYoungGen      total 38400K, used 5095K [0x00000000eab00000, 0x00000000ed580000, 0x0000000100000000)
  eden space 33280K, 0% used [0x00000000eab00000,0x00000000eab00000,0x00000000ecb80000)
  from space 5120K, 99% used [0x00000000ecb80000,0x00000000ed079f20,0x00000000ed080000)
  to   space 5120K, 0% used [0x00000000ed080000,0x00000000ed080000,0x00000000ed580000)
 ParOldGen       total 87552K, used 3010K [0x00000000c0000000, 0x00000000c5580000, 0x00000000eab00000)
  object space 87552K, 3% used [0x00000000c0000000,0x00000000c02f0a20,0x00000000c5580000)
 Metaspace       used 5721K, capacity 6832K, committed 7040K, reserved 1056768K
  class space    used 587K, capacity 616K, committed 640K, reserved 1048576K
}
Event: 2.322 GC heap before
{Heap before GC invocations=2 (full 0):
 PSYoungGen      total 38400K, used 38375K [0x00000000eab00000, 0x00000000ed580000, 0x0000000100000000)
  eden space 33280K, 100% used [0x00000000eab00000,0x00000000ecb80000,0x00000000ecb80000)
  from space 5120K, 99% used [0x00000000ecb80000,0x00000000ed079f20,0x00000000ed080000)
  to   space 5120K, 0% used [0x00000000ed080000,0x00000000ed080000,0x00000000ed580000)
 ParOldGen       total 87552K, used 3010K [0x00000000c0000000, 0x00000000c5580000, 0x00000000eab00000)
  object space 87552K, 3% used [0x00000000c0000000,0x00000000c02f0a20,0x00000000c5580000)
 Metaspace       used 5752K, capacity 6832K, committed 7040K, reserved 1056768K
  class space    used 588K, capacity 616K, committed 640K, reserved 1048576K
Event: 2.346 GC heap after
Heap after GC invocations=2 (full 0):
 PSYoungGen      total 38400K, used 5101K [0x00000000eab00000, 0x00000000ed580000, 0x0000000100000000)
  eden space 33280K, 0% used [0x00000000eab00000,0x00000000eab00000,0x00000000ecb80000)
  from space 5120K, 99% used [0x00000000ed080000,0x00000000ed57b750,0x00000000ed580000)
  to   space 5120K, 0% used [0x00000000ecb80000,0x00000000ecb80000,0x00000000ed080000)
 ParOldGen       total 87552K, used 17950K [0x00000000c0000000, 0x00000000c5580000, 0x00000000eab00000)
  object space 87552K, 20% used [0x00000000c0000000,0x00000000c1187b08,0x00000000c5580000)
 Metaspace       used 5752K, capacity 6832K, committed 7040K, reserved 1056768K
  class space    used 588K, capacity 616K, committed 640K, reserved 1048576K
}
Event: 2.475 GC heap before
{Heap before GC invocations=3 (full 0):
 PSYoungGen      total 38400K, used 38381K [0x00000000eab00000, 0x00000000ed580000, 0x0000000100000000)
  eden space 33280K, 100% used [0x00000000eab00000,0x00000000ecb80000,0x00000000ecb80000)
  from space 5120K, 99% used [0x00000000ed080000,0x00000000ed57b750,0x00000000ed580000)
  to   space 5120K, 0% used [0x00000000ecb80000,0x00000000ecb80000,0x00000000ed080000)
 ParOldGen       total 87552K, used 17950K [0x00000000c0000000, 0x00000000c5580000, 0x00000000eab00000)
  object space 87552K, 20% used [0x00000000c0000000,0x00000000c1187b08,0x00000000c5580000)
 Metaspace       used 5783K, capacity 6832K, committed 7040K, reserved 1056768K
  class space    used 588K, capacity 616K, committed 640K, reserved 1048576K
Event: 2.492 GC heap after
Heap after GC invocations=3 (full 0):
 PSYoungGen      total 38400K, used 5119K [0x00000000eab00000, 0x00000000ed580000, 0x0000000100000000)
  eden space 33280K, 0% used [0x00000000eab00000,0x00000000eab00000,0x00000000ecb80000)
  from space 5120K, 99% used [0x00000000ecb80000,0x00000000ed07fc38,0x00000000ed080000)
  to   space 5120K, 0% used [0x00000000ed080000,0x00000000ed080000,0x00000000ed580000)
 ParOldGen       total 87552K, used 29409K [0x00000000c0000000, 0x00000000c5580000, 0x00000000eab00000)
  object space 87552K, 33% used [0x00000000c0000000,0x00000000c1cb86c0,0x00000000c5580000)
 Metaspace       used 5783K, capacity 6832K, committed 7040K, reserved 1056768K
  class space    used 588K, capacity 616K, committed 640K, reserved 1048576K
}

Deoptimization events (3 events):
Event: 1.317 Thread 0x00000000167a5800 Uncommon trap: reason=unstable_if action=reinterpret pc=0x0000000002820c9c method=java.util.HashMap.getNode(ILjava/lang/Object;)Ljava/util/HashMap$Node; @ 62
Event: 1.968 Thread 0x0000000016841800 Uncommon trap: reason=null_check action=make_not_entrant pc=0x000000000292d504 method=com.android.dx.ssa.SsaRenamer.getLocalForNewReg(I)Lcom/android/dx/rop/code/LocalItem; @ 19
Event: 2.102 Thread 0x00000000167bc000 Uncommon trap: reason=null_check action=make_not_entrant pc=0x0000000002906c08 method=com.android.dx.ssa.SsaRenamer.getLocalForNewReg(I)Lcom/android/dx/rop/code/LocalItem; @ 19

Internal exceptions (4 events):
Event: 0.074 Thread 0x000000000231e000 Exception <a 'java/lang/NoSuchMethodError': Method sun.misc.Unsafe.defineClass(Ljava/lang/String;[BII)Ljava/lang/Class; name or signature does not match> (0x00000000eab07cc0) thrown at [C:\re\workspace\8-2-build-windows-amd64-cygwin\jdk8u74\6087\hotspot\sr›…ìkÖð²?
Event: 0.074 Thread 0x000000000231e000 Exception <a 'java/lang/NoSuchMethodError': Method sun.misc.Unsafe.prefetchRead(Ljava/lang/Object;J)V name or signature does not match> (0x00000000eab07fa8) thrown at [C:\re\workspace\8-2-build-windows-amd64-cygwin\jdk8u74\6087\hotspot\src\share\vm\prims\jKÄ<õxÿ?
Event: 1.967 Thread 0x0000000016841800 Implicit null exception at 0x000000000292b91a to 0x000000000292d4c1
Event: 2.102 Thread 0x00000000167bc000 Implicit null exception at 0x0000000002905296 to 0x0000000002906be9

Events (10 events):
Event: 2.382 Thread 0x000000001687c000 DEOPT PACKING pc=0x0000000002aaf89a sp=0x00000000189ceb80
Event: 2.382 Thread 0x000000001687c000 DEOPT UNPACKING pc=0x00000000026a787f sp=0x00000000189ce928 mode 0
Event: 2.421 Thread 0x000000001687c000 DEOPT PACKING pc=0x0000000002ac777b sp=0x00000000189ce870
Event: 2.421 Thread 0x000000001687c000 DEOPT UNPACKING pc=0x00000000026a787f sp=0x00000000189ce570 mode 0
Event: 2.422 Thread 0x000000001687c000 DEOPT PACKING pc=0x0000000002ac777b sp=0x00000000189ce870
Event: 2.422 Thread 0x000000001687c000 DEOPT UNPACKING pc=0x00000000026a787f sp=0x00000000189ce570 mode 0
Event: 2.452 Thread 0x00000000167a5800 DEOPT PACKING pc=0x0000000002acb29b sp=0x000000001853ef30
Event: 2.452 Thread 0x00000000167a5800 DEOPT UNPACKING pc=0x00000000026a787f sp=0x000000001853ecc0 mode 0
Event: 2.475 Executing VM operation: ParallelGCFailedAllocation
Event: 2.492 Executing VM operation: ParallelGCFailedAllocation done


Dynamic libraries:
0x000000013fa40000 - 0x000000013fa77000 	C:\Program Files\Java\jdk1.8.0_74\bin\java.exe
0x0000000077450000 - 0x00000000775f8000 	C:\Windows\SYSTEM32\ntdll.dll
0x0000000077230000 - 0x000000007734f000 	C:\Windows\system32\kernel32.dll
0x000007fefd540000 - 0x000007fefd5ac000 	C:\Windows\system32\KERNELBASE.dll
0x000007fefe0c0000 - 0x000007fefe19b000 	C:\Windows\system32\ADVAPI32.dll
0x000007fefd650000 - 0x000007fefd6ef000 	C:\Windows\system32\msvcrt.dll
0x000007feff6a0000 - 0x000007feff6bf000 	C:\Windows\SYSTEM32\sechost.dll
0x000007fefdf20000 - 0x000007fefe04d000 	C:\Windows\system32\RPCRT4.dll
0x0000000077350000 - 0x000000007744a000 	C:\Windows\system32\USER32.dll
0x000007fefe050000 - 0x000007fefe0b7000 	C:\Windows\system32\GDI32.dll
0x000007fefd5c0000 - 0x000007fefd5ce000 	C:\Windows\system32\LPK.dll
0x000007fefd900000 - 0x000007fefd9c9000 	C:\Windows\system32\USP10.dll
0x000007fefbb30000 - 0x000007fefbd24000 	C:\Windows\WinSxS\amd64_microsoft.windows.common-controls_6595b64144ccf1df_6.0.7601.17514_none_fa396087175ac9ac\COMCTL32.dll
0x000007fefd5d0000 - 0x000007fefd641000 	C:\Windows\system32\SHLWAPI.dll
0x000007fefe600000 - 0x000007fefe62e000 	C:\Windows\system32\IMM32.DLL
0x000007fefd7f0000 - 0x000007fefd8f9000 	C:\Windows\system32\MSCTF.dll
0x0000000069170000 - 0x0000000069242000 	C:\Program Files\Java\jdk1.8.0_74\jre\bin\msvcr100.dll
0x0000000053be0000 - 0x0000000054470000 	C:\Program Files\Java\jdk1.8.0_74\jre\bin\server\jvm.dll
0x000007fee9ad0000 - 0x000007fee9ad9000 	C:\Windows\system32\WSOCK32.dll
0x000007fefe1a0000 - 0x000007fefe1ed000 	C:\Windows\system32\WS2_32.dll
0x000007feff690000 - 0x000007feff698000 	C:\Windows\system32\NSI.dll
0x000007fef9800000 - 0x000007fef983b000 	C:\Windows\system32\WINMM.dll
0x000007fefc2d0000 - 0x000007fefc2dc000 	C:\Windows\system32\VERSION.dll
0x0000000077610000 - 0x0000000077617000 	C:\Windows\system32\PSAPI.DLL
0x00000000720d0000 - 0x00000000720df000 	C:\Program Files\Java\jdk1.8.0_74\jre\bin\verify.dll
0x0000000069460000 - 0x0000000069489000 	C:\Program Files\Java\jdk1.8.0_74\jre\bin\java.dll
0x000000006a460000 - 0x000000006a476000 	C:\Program Files\Java\jdk1.8.0_74\jre\bin\zip.dll
0x000007fefe630000 - 0x000007feff3b9000 	C:\Windows\system32\SHELL32.dll
0x000007fefdc30000 - 0x000007fefde33000 	C:\Windows\system32\ole32.dll
0x000007fefd210000 - 0x000007fefd21f000 	C:\Windows\system32\profapi.dll

VM Arguments:
jvm_args: -Djava.awt.headless=true -Xmx1024M -Dfile.encoding=x-windows-949 -Duser.country=KR -Duser.language=ko -Duser.variant 
java_command: com.android.dx.command.Main --dex --force-jumbo --num-threads=4 --multi-dex --output C:\Users\user\Desktop\GoogleMapsNearbyPlaces\GoogleMapsNearbyPlaces\app\build\intermediates\transforms\dex\debug\folders\1000\5\slice_5 C:\Users\user\Desktop\GoogleMapsNearbyPlaces\GoogleMapsNearbyPlaces\app\build\intermediates\transforms\instantRunSlicer\debug\folders\1\5\slice_5
java_class_path (initial): C:\Users\user\AppData\Local\Android\sdk\build-tools\23.0.2\lib\dx.jar
Launcher Type: SUN_STANDARD

Environment Variables:
JAVA_HOME=C:\Program Files\Java\jre1.8.0_101
PATH=C:\ProgramData\Oracle\Java\javapath;C:\Windows\system32;C:\Windows;C:\Windows\System32\Wbem;C:\Windows\System32\WindowsPowerShell\v1.0\;C:\Program Files\Java\jdk1.8.0_74\bin;C:\Program Files (x86)\NVIDIA Corporation\PhysX\Common;C:\Program Files (x86)\Skype\Phone\;C:\Windows\system32\config\systemprofile\.dnx\bin;C:\Program Files\Microsoft DNX\Dnvm\;C:\Program Files (x86)\Windows Kits\8.1\Windows Performance Toolkit\;C:\Program Files (x86)\Microsoft SQL Server\Client SDK\ODBC\110\Tools\Binn\;C:\Program Files (x86)\Microsoft SQL Server\120\Tools\Binn\;C:\Program Files (x86)\Microsoft SQL Server\120\DTS\Binn\;C:\Program Files (x86)\Microsoft SQL Server\120\Tools\Binn\ManagementStudio\;C:\Apache24\bin\;C:\Program Files\Java\jdk1.8.0_74\bin;
USERNAME=user
OS=Windows_NT
PROCESSOR_IDENTIFIER=Intel64 Family 6 Model 45 Stepping 7, GenuineIntel



---------------  S Y S T E M  ---------------

OS: Windows 7 , 64 bit Build 7601 (6.1.7601.18798)

CPU:total 8 (6 cores per cpu, 2 threads per core) family 6 model 45 stepping 7, cmov, cx8, fxsr, mmx, sse, sse2, sse3, ssse3, sse4.1, sse4.2, popcnt, avx, aes, clmul, ht, tsc, tscinvbit, tscinv

Memory: 4k page, physical 8325856k(865908k free), swap 10421156k(3184k free)

vm_info: Java HotSpot(TM) 64-Bit Server VM (25.74-b02) for windows-amd64 JRE (1.8.0_74-b02), built on Jan 29 2016 17:42:36 by "java_re" with MS VC++ 10.0 (VS2010)

time: Sat Dec 03 23:47:30 2016
elapsed time: 3 seconds (0d 0h 0m 3s)

