#
# There is insufficient memory for the Java Runtime Environment to continue.
# Native memory allocation (malloc) failed to allocate 32784 bytes for Chunk::new
# Possible reasons:
#   The system is out of physical RAM or swap space
#   In 32 bit mode, the process size limit was hit
# Possible solutions:
#   Reduce memory load on the system
#   Increase physical memory or swap space
#   Check if swap backing store is full
#   Use 64 bit Java on a 64 bit OS
#   Decrease Java heap size (-Xmx/-Xms)
#   Decrease number of Java threads
#   Decrease Java thread stack sizes (-Xss)
#   Set larger code cache with -XX:ReservedCodeCacheSize=
# This output file may be truncated or incomplete.
#
#  Out of Memory Error (allocation.cpp:390), pid=7156, tid=11748
#
# JRE version: Java(TM) SE Runtime Environment (8.0_74-b02) (build 1.8.0_74-b02)
# Java VM: Java HotSpot(TM) 64-Bit Server VM (25.74-b02 mixed mode windows-amd64 compressed oops)
# Failed to write core dump. Minidumps are not enabled by default on client versions of Windows
#

---------------  T H R E A D  ---------------

Current thread (0x000000001673f800):  JavaThread "C2 CompilerThread1" daemon [_thread_in_native, id=11748, stack(0x0000000017fa0000,0x00000000180a0000)]

Stack: [0x0000000017fa0000,0x00000000180a0000]
[error occurred during error reporting (printing stack bounds), id 0xc0000005]

Native frames: (J=compiled Java code, j=interpreted, Vv=VM code, C=native code)


Current CompileTask:
C2:   2640  981       4       com.android.dx.ssa.SCCP::simulateStmt (481 bytes)


---------------  P R O C E S S  ---------------

Java Threads: ( => current thread )
  0x00000000169d4000 JavaThread "pool-2-thread-4" [_thread_blocked, id=9880, stack(0x0000000018be0000,0x0000000018ce0000)]
  0x000000001691d800 JavaThread "pool-2-thread-3" [_thread_blocked, id=9164, stack(0x0000000018ae0000,0x0000000018be0000)]
  0x000000001691b000 JavaThread "pool-2-thread-2" [_thread_blocked, id=7220, stack(0x0000000018290000,0x0000000018390000)]
  0x000000001689b000 JavaThread "pool-3-thread-1" [_thread_blocked, id=6268, stack(0x00000000187f0000,0x00000000188f0000)]
  0x000000001689a800 JavaThread "pool-2-thread-1" [_thread_blocked, id=7244, stack(0x00000000186e0000,0x00000000187e0000)]
  0x000000001674c800 JavaThread "Service Thread" daemon [_thread_blocked, id=4820, stack(0x0000000018390000,0x0000000018490000)]
  0x0000000016741000 JavaThread "C1 CompilerThread3" daemon [_thread_in_vm, id=1928, stack(0x0000000017980000,0x0000000017a80000)]
  0x0000000016740800 JavaThread "C2 CompilerThread2" daemon [_thread_in_native, id=11128, stack(0x0000000018120000,0x0000000018220000)]
=>0x000000001673f800 JavaThread "C2 CompilerThread1" daemon [_thread_in_native, id=11748, stack(0x0000000017fa0000,0x00000000180a0000)]
  0x00000000166da000 JavaThread "C2 CompilerThread0" daemon [_thread_in_native, id=3788, stack(0x0000000017e00000,0x0000000017f00000)]
  0x00000000166cd800 JavaThread "Attach Listener" daemon [_thread_blocked, id=7436, stack(0x0000000017c20000,0x0000000017d20000)]
  0x00000000166d7000 JavaThread "Signal Dispatcher" daemon [_thread_blocked, id=11560, stack(0x0000000017640000,0x0000000017740000)]
  0x00000000154fd800 JavaThread "Finalizer" daemon [_thread_blocked, id=10444, stack(0x0000000017a90000,0x0000000017b90000)]
  0x00000000154f6800 JavaThread "Reference Handler" daemon [_thread_blocked, id=8604, stack(0x0000000017850000,0x0000000017950000)]
  0x0000000001d4e000 JavaThread "main" [_thread_in_native, id=232, stack(0x0000000002790000,0x0000000002890000)]

Other Threads:
  0x0000000016670800 VMThread [stack: 0x0000000017740000,0x0000000017840000] [id=3084]
  0x0000000016789800 WatcherThread [stack: 0x0000000018560000,0x0000000018660000] [id=10900]

VM state:synchronizing (normal execution)

VM Mutex/Monitor currently owned by a thread:  ([mutex/lock_event])
[0x0000000001d4c7f0] Threads_lock - owner thread: 0x0000000016670800

Heap:
 PSYoungGen      total 38400K, used 24220K [0x00000000eab00000, 0x00000000ed580000, 0x0000000100000000)
  eden space 33280K, 72% used [0x00000000eab00000,0x00000000ec2a7128,0x00000000ecb80000)
  from space 5120K, 0% used [0x00000000ed080000,0x00000000ed080000,0x00000000ed580000)
  to   space 5120K, 0% used [0x00000000ecb80000,0x00000000ecb80000,0x00000000ed080000)
 ParOldGen       total 87552K, used 0K [0x00000000c0000000, 0x00000000c5580000, 0x00000000eab00000)
  object space 87552K, 0% used [0x00000000c0000000,0x00000000c0000000,0x00000000c5580000)
 Metaspace       used 5674K, capacity 6768K, committed 7040K, reserved 1056768K
  class space    used 579K, capacity 616K, committed 640K, reserved 1048576K

Card table byte_map: [0x0000000011c50000,0x0000000011e60000] byte_map_base: 0x0000000011650000

Marking Bits: (ParMarkBitMap*) 0x00000000543f0600
 Begin Bits: [0x0000000012910000, 0x0000000013910000)
 End Bits:   [0x0000000013910000, 0x0000000014910000)

Polling page: 0x0000000000430000

CodeCache: size=245760Kb used=3957Kb max_used=3968Kb free=241802Kb
 bounds [0x0000000002890000, 0x0000000002c80000, 0x0000000011890000]
 total_blobs=1247 nmethods=984 adapters=176
 compilation: enabled

Compilation events (10 events):
Event: 1.595 Thread 0x0000000016741000  986       3       com.android.dx.ssa.back.IdenticalBlockCombiner::compareInsns (12 bytes)
Event: 1.595 Thread 0x0000000016741000 nmethod 986 0x0000000002c69390 code [0x0000000002c69500, 0x0000000002c69828]
Event: 1.596 Thread 0x0000000016741000  990       3       com.android.dx.rop.type.Type::getComponentType (70 bytes)
Event: 1.597 Thread 0x0000000016741000 nmethod 990 0x0000000002c6d210 code [0x0000000002c6d420, 0x0000000002c6df28]
Event: 1.597 Thread 0x0000000016741000  991       3       com.android.dx.rop.cst.TypedConstant::getBasicFrameType (8 bytes)
Event: 1.597 Thread 0x0000000016741000 nmethod 991 0x0000000002c6e3d0 code [0x0000000002c6e540, 0x0000000002c6e7f8]
Event: 1.597 Thread 0x0000000016741000  988       3       java.lang.Character::forDigit (42 bytes)
Event: 1.597 Thread 0x0000000016741000 nmethod 988 0x0000000002c6e8d0 code [0x0000000002c6ea40, 0x0000000002c6ecd0]
Event: 1.597 Thread 0x0000000016741000  989       3       com.android.dx.cf.code.BaseMachine::popArgs (72 bytes)
Event: 1.598 Thread 0x0000000016741000 nmethod 989 0x0000000002c6ed50 code [0x0000000002c6efc0, 0x0000000002c6fd68]

GC Heap History (0 events):
No events

Deoptimization events (1 events):
Event: 0.804 Thread 0x000000001689a800 Uncommon trap: reason=unstable_if action=reinterpret pc=0x0000000002a66e4c method=java.util.HashMap.getNode(ILjava/lang/Object;)Ljava/util/HashMap$Node; @ 129

Internal exceptions (2 events):
Event: 0.103 Thread 0x0000000001d4e000 Exception <a 'java/lang/NoSuchMethodError': Method sun.misc.Unsafe.defineClass(Ljava/lang/String;[BII)Ljava/lang/Class; name or signature does not match> (0x00000000eab07cc0) thrown at [C:\re\workspace\8-2-build-windows-amd64-cygwin\jdk8u74\6087\hotspot\srTþëLhº?
Event: 0.103 Thread 0x0000000001d4e000 Exception <a 'java/lang/NoSuchMethodError': Method sun.misc.Unsafe.prefetchRead(Ljava/lang/Object;J)V name or signature does not match> (0x00000000eab07fa8) thrown at [C:\re\workspace\8-2-build-windows-amd64-cygwin\jdk8u74\6087\hotspot\src\share\vm\prims\j

Events (10 events):
Event: 0.790 loading class java/util/DualPivotQuicksort done
Event: 0.804 Thread 0x000000001689a800 Uncommon trap: trap_request=0xffffff65 fr.pc=0x0000000002a66e4c
Event: 0.804 Thread 0x000000001689a800 DEOPT PACKING pc=0x0000000002a66e4c sp=0x00000000187de5c0
Event: 0.804 Thread 0x000000001689a800 DEOPT UNPACKING pc=0x00000000028d582a sp=0x00000000187de538 mode 2
Event: 0.889 loading class java/util/ArrayList$1
Event: 0.889 loading class java/util/ArrayList$1 done
Event: 0.955 Executing VM operation: ForceSafepoint
Event: 0.974 Executing VM operation: ForceSafepoint done
Event: 1.209 loading class com/android/dx/cf/code/BytecodeArray$ConstantParserVisitor
Event: 1.209 loading class com/android/dx/cf/code/BytecodeArray$ConstantParserVisitor done


Dynamic libraries:
0x000000013fa40000 - 0x000000013fa77000 	C:\Program Files\Java\jdk1.8.0_74\bin\java.exe
0x0000000077450000 - 0x00000000775f8000 	C:\Windows\SYSTEM32\ntdll.dll
0x0000000077230000 - 0x000000007734f000 	C:\Windows\system32\kernel32.dll
0x000007fefd540000 - 0x000007fefd5ac000 	C:\Windows\system32\KERNELBASE.dll
0x000007fefe0c0000 - 0x000007fefe19b000 	C:\Windows\system32\ADVAPI32.dll
0x000007fefd650000 - 0x000007fefd6ef000 	C:\Windows\system32\msvcrt.dll
0x000007feff6a0000 - 0x000007feff6bf000 	C:\Windows\SYSTEM32\sechost.dll
0x000007fefdf20000 - 0x000007fefe04d000 	C:\Windows\system32\RPCRT4.dll
0x0000000077350000 - 0x000000007744a000 	C:\Windows\system32\USER32.dll
0x000007fefe050000 - 0x000007fefe0b7000 	C:\Windows\system32\GDI32.dll
0x000007fefd5c0000 - 0x000007fefd5ce000 	C:\Windows\system32\LPK.dll
0x000007fefd900000 - 0x000007fefd9c9000 	C:\Windows\system32\USP10.dll
0x000007fefbb30000 - 0x000007fefbd24000 	C:\Windows\WinSxS\amd64_microsoft.windows.common-controls_6595b64144ccf1df_6.0.7601.17514_none_fa396087175ac9ac\COMCTL32.dll
0x000007fefd5d0000 - 0x000007fefd641000 	C:\Windows\system32\SHLWAPI.dll
0x000007fefe600000 - 0x000007fefe62e000 	C:\Windows\system32\IMM32.DLL
0x000007fefd7f0000 - 0x000007fefd8f9000 	C:\Windows\system32\MSCTF.dll
0x0000000069170000 - 0x0000000069242000 	C:\Program Files\Java\jdk1.8.0_74\jre\bin\msvcr100.dll
0x0000000053be0000 - 0x0000000054470000 	C:\Program Files\Java\jdk1.8.0_74\jre\bin\server\jvm.dll
0x000007fee9ad0000 - 0x000007fee9ad9000 	C:\Windows\system32\WSOCK32.dll
0x000007fefe1a0000 - 0x000007fefe1ed000 	C:\Windows\system32\WS2_32.dll
0x000007feff690000 - 0x000007feff698000 	C:\Windows\system32\NSI.dll
0x000007fef9800000 - 0x000007fef983b000 	C:\Windows\system32\WINMM.dll
0x000007fefc2d0000 - 0x000007fefc2dc000 	C:\Windows\system32\VERSION.dll
0x0000000077610000 - 0x0000000077617000 	C:\Windows\system32\PSAPI.DLL
0x00000000720d0000 - 0x00000000720df000 	C:\Program Files\Java\jdk1.8.0_74\jre\bin\verify.dll
0x0000000069460000 - 0x0000000069489000 	C:\Program Files\Java\jdk1.8.0_74\jre\bin\java.dll
0x000000006a460000 - 0x000000006a476000 	C:\Program Files\Java\jdk1.8.0_74\jre\bin\zip.dll
0x000007fefe630000 - 0x000007feff3b9000 	C:\Windows\system32\SHELL32.dll
0x000007fefdc30000 - 0x000007fefde33000 	C:\Windows\system32\ole32.dll
0x000007fefd210000 - 0x000007fefd21f000 	C:\Windows\system32\profapi.dll

VM Arguments:
jvm_args: -Djava.awt.headless=true -Xmx1024M -Dfile.encoding=x-windows-949 -Duser.country=KR -Duser.language=ko -Duser.variant 
java_command: com.android.dx.command.Main --dex --force-jumbo --num-threads=4 --multi-dex --output C:\Users\user\Desktop\GoogleMapsNearbyPlaces\GoogleMapsNearbyPlaces\app\build\intermediates\transforms\dex\debug\folders\1000\5\slice_3 C:\Users\user\Desktop\GoogleMapsNearbyPlaces\GoogleMapsNearbyPlaces\app\build\intermediates\transforms\instantRunSlicer\debug\folders\1\5\slice_3
java_class_path (initial): C:\Users\user\AppData\Local\Android\sdk\build-tools\23.0.2\lib\dx.jar
Launcher Type: SUN_STANDARD

Environment Variables:
JAVA_HOME=C:\Program Files\Java\jre1.8.0_101
PATH=C:\ProgramData\Oracle\Java\javapath;C:\Windows\system32;C:\Windows;C:\Windows\System32\Wbem;C:\Windows\System32\WindowsPowerShell\v1.0\;C:\Program Files\Java\jdk1.8.0_74\bin;C:\Program Files (x86)\NVIDIA Corporation\PhysX\Common;C:\Program Files (x86)\Skype\Phone\;C:\Windows\system32\config\systemprofile\.dnx\bin;C:\Program Files\Microsoft DNX\Dnvm\;C:\Program Files (x86)\Windows Kits\8.1\Windows Performance Toolkit\;C:\Program Files (x86)\Microsoft SQL Server\Client SDK\ODBC\110\Tools\Binn\;C:\Program Files (x86)\Microsoft SQL Server\120\Tools\Binn\;C:\Program Files (x86)\Microsoft SQL Server\120\DTS\Binn\;C:\Program Files (x86)\Microsoft SQL Server\120\Tools\Binn\ManagementStudio\;C:\Apache24\bin\;C:\Program Files\Java\jdk1.8.0_74\bin;
USERNAME=user
OS=Windows_NT
PROCESSOR_IDENTIFIER=Intel64 Family 6 Model 45 Stepping 7, GenuineIntel



---------------  S Y S T E M  ---------------

OS: Windows 7 , 64 bit Build 7601 (6.1.7601.18798)

CPU:total 8 (6 cores per cpu, 2 threads per core) family 6 model 45 stepping 7, cmov, cx8, fxsr, mmx, sse, sse2, sse3, ssse3, sse4.1, sse4.2, popcnt, avx, aes, clmul, ht, tsc, tscinvbit, tscinv

Memory: 4k page, physical 8325856k(915300k free), swap 10421156k(4804k free)

vm_info: Java HotSpot(TM) 64-Bit Server VM (25.74-b02) for windows-amd64 JRE (1.8.0_74-b02), built on Jan 29 2016 17:42:36 by "java_re" with MS VC++ 10.0 (VS2010)

time: Sat Dec 03 23:47:34 2016
elapsed time: 2 seconds (0d 0h 0m 2s)

