#
# There is insufficient memory for the Java Runtime Environment to continue.
# Native memory allocation (malloc) failed to allocate 868912 bytes for Chunk::new
# Possible reasons:
#   The system is out of physical RAM or swap space
#   In 32 bit mode, the process size limit was hit
# Possible solutions:
#   Reduce memory load on the system
#   Increase physical memory or swap space
#   Check if swap backing store is full
#   Use 64 bit Java on a 64 bit OS
#   Decrease Java heap size (-Xmx/-Xms)
#   Decrease number of Java threads
#   Decrease Java thread stack sizes (-Xss)
#   Set larger code cache with -XX:ReservedCodeCacheSize=
# This output file may be truncated or incomplete.
#
#  Out of Memory Error (allocation.cpp:390), pid=11268, tid=11588
#
# JRE version: Java(TM) SE Runtime Environment (8.0_74-b02) (build 1.8.0_74-b02)
# Java VM: Java HotSpot(TM) 64-Bit Server VM (25.74-b02 mixed mode windows-amd64 compressed oops)
# Failed to write core dump. Minidumps are not enabled by default on client versions of Windows
#

---------------  T H R E A D  ---------------

Current thread (0x0000000016668000):  JavaThread "C2 CompilerThread0" daemon [_thread_in_native, id=11588, stack(0x0000000017e90000,0x0000000017f90000)]

Stack: [0x0000000017e90000,0x0000000017f90000]
[error occurred during error reporting (printing stack bounds), id 0xc0000005]

Native frames: (J=compiled Java code, j=interpreted, Vv=VM code, C=native code)


Current CompileTask:
C2:   6734 1499   !   4       com.android.dx.cf.code.BytecodeArray::parseInstruction (2764 bytes)


---------------  P R O C E S S  ---------------

Java Threads: ( => current thread )
  0x0000000016992800 JavaThread "pool-2-thread-4" [_thread_blocked, id=1956, stack(0x00000000193e0000,0x00000000194e0000)]
  0x0000000016990000 JavaThread "pool-2-thread-3" [_thread_blocked, id=9332, stack(0x0000000019140000,0x0000000019240000)]
  0x000000001698f000 JavaThread "pool-2-thread-2" [_thread_blocked, id=7284, stack(0x0000000017f90000,0x0000000018090000)]
  0x000000001698d800 JavaThread "pool-3-thread-1" [_thread_blocked, id=7556, stack(0x0000000018f30000,0x0000000019030000)]
  0x000000001849f000 JavaThread "pool-2-thread-1" [_thread_blocked, id=6240, stack(0x0000000018d20000,0x0000000018e20000)]
  0x00000000166da800 JavaThread "Service Thread" daemon [_thread_blocked, id=1584, stack(0x0000000018250000,0x0000000018350000)]
  0x00000000166cf000 JavaThread "C1 CompilerThread3" daemon [_thread_blocked, id=7156, stack(0x00000000122b0000,0x00000000123b0000)]
  0x00000000166ce800 JavaThread "C2 CompilerThread2" daemon [_thread_blocked, id=9836, stack(0x00000000180a0000,0x00000000181a0000)]
  0x0000000016671800 JavaThread "C2 CompilerThread1" daemon [_thread_in_native, id=1620, stack(0x0000000017ab0000,0x0000000017bb0000)]
=>0x0000000016668000 JavaThread "C2 CompilerThread0" daemon [_thread_in_native, id=11588, stack(0x0000000017e90000,0x0000000017f90000)]
  0x0000000016659800 JavaThread "Attach Listener" daemon [_thread_blocked, id=9688, stack(0x0000000017d10000,0x0000000017e10000)]
  0x0000000016667000 JavaThread "Signal Dispatcher" daemon [_thread_blocked, id=11064, stack(0x0000000017be0000,0x0000000017ce0000)]
  0x000000001559d800 JavaThread "Finalizer" daemon [_thread_blocked, id=8632, stack(0x0000000017980000,0x0000000017a80000)]
  0x0000000015596800 JavaThread "Reference Handler" daemon [_thread_blocked, id=1032, stack(0x00000000177b0000,0x00000000178b0000)]
  0x000000000242e800 JavaThread "main" [_thread_blocked, id=3144, stack(0x00000000026b0000,0x00000000027b0000)]

Other Threads:
  0x0000000016600800 VMThread [stack: 0x00000000175d0000,0x00000000176d0000] [id=2064]
  0x0000000016722000 WatcherThread [stack: 0x0000000018390000,0x0000000018490000] [id=9452]

VM state:not at safepoint (normal execution)

VM Mutex/Monitor currently owned by a thread: None

Heap:
 PSYoungGen      total 71680K, used 9528K [0x00000000eab00000, 0x00000000ef600000, 0x0000000100000000)
  eden space 66560K, 6% used [0x00000000eab00000,0x00000000eaf53a38,0x00000000eec00000)
  from space 5120K, 99% used [0x00000000ef100000,0x00000000ef5fa658,0x00000000ef600000)
  to   space 5120K, 0% used [0x00000000eec00000,0x00000000eec00000,0x00000000ef100000)
 ParOldGen       total 87552K, used 4920K [0x00000000c0000000, 0x00000000c5580000, 0x00000000eab00000)
  object space 87552K, 5% used [0x00000000c0000000,0x00000000c04ce0c8,0x00000000c5580000)
 Metaspace       used 6185K, capacity 7030K, committed 7296K, reserved 1056768K
  class space    used 603K, capacity 622K, committed 640K, reserved 1048576K

Card table byte_map: [0x0000000011b70000,0x0000000011d80000] byte_map_base: 0x0000000011570000

Marking Bits: (ParMarkBitMap*) 0x00000000543f0600
 Begin Bits: [0x00000000129b0000, 0x00000000139b0000)
 End Bits:   [0x00000000139b0000, 0x00000000149b0000)

Polling page: 0x00000000001c0000

CodeCache: size=245760Kb used=6673Kb max_used=6688Kb free=239086Kb
 bounds [0x00000000027b0000, 0x0000000002e40000, 0x00000000117b0000]
 total_blobs=1793 nmethods=1522 adapters=184
 compilation: enabled

Compilation events (10 events):
Event: 6.219 Thread 0x00000000166ce800 1542       4       com.android.dx.rop.code.RegisterSpec::make (7 bytes)
Event: 6.220 Thread 0x00000000166ce800 nmethod 1542 0x0000000002cb9110 code [0x0000000002cb9260, 0x0000000002cb92c8]
Event: 6.220 Thread 0x00000000166ce800 1510       4       com.android.dx.ssa.SsaRenamer$BlockRenamer$RenamingMapper::map (28 bytes)
Event: 6.224 Thread 0x00000000166ce800 nmethod 1510 0x0000000002e0f250 code [0x0000000002e0f3a0, 0x0000000002e0f488]
Event: 6.224 Thread 0x00000000166ce800 1505       4       com.android.dx.ssa.back.SsaToRop::convertBasicBlock (126 bytes)
Event: 6.231 Thread 0x0000000016671800 nmethod 1508 0x0000000002e3a2d0 code [0x0000000002e3a4e0, 0x0000000002e3b928]
Event: 6.231 Thread 0x0000000016671800 1503       4       com.android.dx.rop.code.Rops::ropFor (771 bytes)
Event: 6.272 Thread 0x00000000166ce800 nmethod 1505 0x0000000002e3d0d0 code [0x0000000002e3d2e0, 0x0000000002e3e468]
Event: 6.272 Thread 0x00000000166ce800 1502       4       com.android.dx.rop.type.Type::getFrameType (5 bytes)
Event: 6.273 Thread 0x00000000166ce800 nmethod 1502 0x0000000002c35a10 code [0x0000000002c35b40, 0x0000000002c35bb8]

GC Heap History (4 events):
Event: 2.763 GC heap before
{Heap before GC invocations=1 (full 0):
 PSYoungGen      total 38400K, used 33280K [0x00000000eab00000, 0x00000000ed580000, 0x0000000100000000)
  eden space 33280K, 100% used [0x00000000eab00000,0x00000000ecb80000,0x00000000ecb80000)
  from space 5120K, 0% used [0x00000000ed080000,0x00000000ed080000,0x00000000ed580000)
  to   space 5120K, 0% used [0x00000000ecb80000,0x00000000ecb80000,0x00000000ed080000)
 ParOldGen       total 87552K, used 0K [0x00000000c0000000, 0x00000000c5580000, 0x00000000eab00000)
  object space 87552K, 0% used [0x00000000c0000000,0x00000000c0000000,0x00000000c5580000)
 Metaspace       used 5904K, capacity 6838K, committed 7040K, reserved 1056768K
  class space    used 601K, capacity 622K, committed 640K, reserved 1048576K
Event: 3.131 GC heap after
Heap after GC invocations=1 (full 0):
 PSYoungGen      total 38400K, used 5090K [0x00000000eab00000, 0x00000000ef600000, 0x0000000100000000)
  eden space 33280K, 0% used [0x00000000eab00000,0x00000000eab00000,0x00000000ecb80000)
  from space 5120K, 99% used [0x00000000ecb80000,0x00000000ed078a58,0x00000000ed080000)
  to   space 5120K, 0% used [0x00000000ef100000,0x00000000ef100000,0x00000000ef600000)
 ParOldGen       total 87552K, used 1072K [0x00000000c0000000, 0x00000000c5580000, 0x00000000eab00000)
  object space 87552K, 1% used [0x00000000c0000000,0x00000000c010c0b0,0x00000000c5580000)
 Metaspace       used 5904K, capacity 6838K, committed 7040K, reserved 1056768K
  class space    used 601K, capacity 622K, committed 640K, reserved 1048576K
}
Event: 5.350 GC heap before
{Heap before GC invocations=2 (full 0):
 PSYoungGen      total 38400K, used 38370K [0x00000000eab00000, 0x00000000ef600000, 0x0000000100000000)
  eden space 33280K, 100% used [0x00000000eab00000,0x00000000ecb80000,0x00000000ecb80000)
  from space 5120K, 99% used [0x00000000ecb80000,0x00000000ed078a58,0x00000000ed080000)
  to   space 5120K, 0% used [0x00000000ef100000,0x00000000ef100000,0x00000000ef600000)
 ParOldGen       total 87552K, used 1072K [0x00000000c0000000, 0x00000000c5580000, 0x00000000eab00000)
  object space 87552K, 1% used [0x00000000c0000000,0x00000000c010c0b0,0x00000000c5580000)
 Metaspace       used 6176K, capacity 7030K, committed 7296K, reserved 1056768K
  class space    used 603K, capacity 622K, committed 640K, reserved 1048576K
Event: 6.061 GC heap after
Heap after GC invocations=2 (full 0):
 PSYoungGen      total 71680K, used 5097K [0x00000000eab00000, 0x00000000ef600000, 0x0000000100000000)
  eden space 66560K, 0% used [0x00000000eab00000,0x00000000eab00000,0x00000000eec00000)
  from space 5120K, 99% used [0x00000000ef100000,0x00000000ef5fa658,0x00000000ef600000)
  to   space 5120K, 0% used [0x00000000eec00000,0x00000000eec00000,0x00000000ef100000)
 ParOldGen       total 87552K, used 4920K [0x00000000c0000000, 0x00000000c5580000, 0x00000000eab00000)
  object space 87552K, 5% used [0x00000000c0000000,0x00000000c04ce0c8,0x00000000c5580000)
 Metaspace       used 6176K, capacity 7030K, committed 7296K, reserved 1056768K
  class space    used 603K, capacity 622K, committed 640K, reserved 1048576K
}

Deoptimization events (10 events):
Event: 4.515 Thread 0x000000001849f000 Uncommon trap: reason=class_check action=maybe_recompile pc=0x0000000002ca3278 method=com.android.dx.ssa.SCCP.simulateBranch(Lcom/android/dx/ssa/SsaInsn;)V @ 145
Event: 4.515 Thread 0x000000001849f000 Uncommon trap: reason=class_check action=maybe_recompile pc=0x0000000002ca3278 method=com.android.dx.ssa.SCCP.simulateBranch(Lcom/android/dx/ssa/SsaInsn;)V @ 145
Event: 4.536 Thread 0x000000001849f000 Uncommon trap: reason=class_check action=maybe_recompile pc=0x0000000002d16c00 method=com.android.dx.cf.code.RopperMachine.run(Lcom/android/dx/cf/code/Frame;II)V @ 988
Event: 4.977 Thread 0x000000001849f000 Uncommon trap: reason=bimorphic action=maybe_recompile pc=0x0000000002bceb28 method=com.android.dx.cf.code.BytecodeArray.parseInstruction(ILcom/android/dx/cf/code/BytecodeArray$Visitor;)I @ 1130
Event: 4.978 Thread 0x000000001849f000 Uncommon trap: reason=bimorphic action=maybe_recompile pc=0x0000000002bce750 method=com.android.dx.cf.code.BytecodeArray.parseInstruction(ILcom/android/dx/cf/code/BytecodeArray$Visitor;)I @ 907
Event: 4.978 Thread 0x000000001849f000 Uncommon trap: reason=bimorphic action=maybe_recompile pc=0x0000000002bceb28 method=com.android.dx.cf.code.BytecodeArray.parseInstruction(ILcom/android/dx/cf/code/BytecodeArray$Visitor;)I @ 1130
Event: 4.978 Thread 0x000000001849f000 Uncommon trap: reason=bimorphic action=maybe_recompile pc=0x0000000002bce7d0 method=com.android.dx.cf.code.BytecodeArray.parseInstruction(ILcom/android/dx/cf/code/BytecodeArray$Visitor;)I @ 923
Event: 4.978 Thread 0x000000001849f000 Uncommon trap: reason=bimorphic action=maybe_recompile pc=0x0000000002bceb28 method=com.android.dx.cf.code.BytecodeArray.parseInstruction(ILcom/android/dx/cf/code/BytecodeArray$Visitor;)I @ 1130
Event: 4.978 Thread 0x000000001849f000 Uncommon trap: reason=unstable_if action=reinterpret pc=0x0000000002d15c38 method=com.android.dx.cf.code.RopperMachine.run(Lcom/android/dx/cf/code/Frame;II)V @ 1500
Event: 5.339 Thread 0x0000000016990000 Uncommon trap: reason=class_check action=maybe_recompile pc=0x0000000002ca3278 method=com.android.dx.ssa.SCCP.simulateBranch(Lcom/android/dx/ssa/SsaInsn;)V @ 145

Internal exceptions (2 events):
Event: 0.258 Thread 0x000000000242e800 Exception <a 'java/lang/NoSuchMethodError': Method sun.misc.Unsafe.defineClass(Ljava/lang/String;[BII)Ljava/lang/Class; name or signature does not match> (0x00000000eab07cc0) thrown at [C:\re\workspace\8-2-build-windows-amd64-cygwin\jdk8u74\6087\hotspot\sr>‘oƒE‹Ð?
Event: 0.259 Thread 0x000000000242e800 Exception <a 'java/lang/NoSuchMethodError': Method sun.misc.Unsafe.prefetchRead(Ljava/lang/Object;J)V name or signature does not match> (0x00000000eab07fa8) thrown at [C:\re\workspace\8-2-build-windows-amd64-cygwin\jdk8u74\6087\hotspot\src\share\vm\prims\j

Events (10 events):
Event: 4.978 Thread 0x000000001849f000 Uncommon trap: trap_request=0xffffff65 fr.pc=0x0000000002d15c38
Event: 4.978 Thread 0x000000001849f000 DEOPT PACKING pc=0x0000000002d15c38 sp=0x0000000018e1e560
Event: 4.978 Thread 0x000000001849f000 DEOPT UNPACKING pc=0x00000000027f582a sp=0x0000000018e1e538 mode 2
Event: 5.274 Thread 0x0000000016992800 DEOPT PACKING pc=0x0000000002b95aac sp=0x00000000194dea20
Event: 5.274 Thread 0x0000000016992800 DEOPT UNPACKING pc=0x00000000027f787f sp=0x00000000194de7a0 mode 0
Event: 5.339 Thread 0x0000000016990000 Uncommon trap: trap_request=0xffffffde fr.pc=0x0000000002ca3278
Event: 5.339 Thread 0x0000000016990000 DEOPT PACKING pc=0x0000000002ca3278 sp=0x000000001923ece0
Event: 5.339 Thread 0x0000000016990000 DEOPT UNPACKING pc=0x00000000027f582a sp=0x000000001923eca8 mode 2
Event: 5.348 Executing VM operation: ParallelGCFailedAllocation
Event: 6.061 Executing VM operation: ParallelGCFailedAllocation done


Dynamic libraries:
0x000000013fa40000 - 0x000000013fa77000 	C:\Program Files\Java\jdk1.8.0_74\bin\java.exe
0x0000000077450000 - 0x00000000775f8000 	C:\Windows\SYSTEM32\ntdll.dll
0x0000000077230000 - 0x000000007734f000 	C:\Windows\system32\kernel32.dll
0x000007fefd540000 - 0x000007fefd5ac000 	C:\Windows\system32\KERNELBASE.dll
0x000007fefe0c0000 - 0x000007fefe19b000 	C:\Windows\system32\ADVAPI32.dll
0x000007fefd650000 - 0x000007fefd6ef000 	C:\Windows\system32\msvcrt.dll
0x000007feff6a0000 - 0x000007feff6bf000 	C:\Windows\SYSTEM32\sechost.dll
0x000007fefdf20000 - 0x000007fefe04d000 	C:\Windows\system32\RPCRT4.dll
0x0000000077350000 - 0x000000007744a000 	C:\Windows\system32\USER32.dll
0x000007fefe050000 - 0x000007fefe0b7000 	C:\Windows\system32\GDI32.dll
0x000007fefd5c0000 - 0x000007fefd5ce000 	C:\Windows\system32\LPK.dll
0x000007fefd900000 - 0x000007fefd9c9000 	C:\Windows\system32\USP10.dll
0x000007fefbb30000 - 0x000007fefbd24000 	C:\Windows\WinSxS\amd64_microsoft.windows.common-controls_6595b64144ccf1df_6.0.7601.17514_none_fa396087175ac9ac\COMCTL32.dll
0x000007fefd5d0000 - 0x000007fefd641000 	C:\Windows\system32\SHLWAPI.dll
0x000007fefe600000 - 0x000007fefe62e000 	C:\Windows\system32\IMM32.DLL
0x000007fefd7f0000 - 0x000007fefd8f9000 	C:\Windows\system32\MSCTF.dll
0x0000000069170000 - 0x0000000069242000 	C:\Program Files\Java\jdk1.8.0_74\jre\bin\msvcr100.dll
0x0000000053be0000 - 0x0000000054470000 	C:\Program Files\Java\jdk1.8.0_74\jre\bin\server\jvm.dll
0x000007fee9ad0000 - 0x000007fee9ad9000 	C:\Windows\system32\WSOCK32.dll
0x000007fefe1a0000 - 0x000007fefe1ed000 	C:\Windows\system32\WS2_32.dll
0x000007feff690000 - 0x000007feff698000 	C:\Windows\system32\NSI.dll
0x000007fef9800000 - 0x000007fef983b000 	C:\Windows\system32\WINMM.dll
0x000007fefc2d0000 - 0x000007fefc2dc000 	C:\Windows\system32\VERSION.dll
0x0000000077610000 - 0x0000000077617000 	C:\Windows\system32\PSAPI.DLL
0x00000000720d0000 - 0x00000000720df000 	C:\Program Files\Java\jdk1.8.0_74\jre\bin\verify.dll
0x0000000069460000 - 0x0000000069489000 	C:\Program Files\Java\jdk1.8.0_74\jre\bin\java.dll
0x000000006a460000 - 0x000000006a476000 	C:\Program Files\Java\jdk1.8.0_74\jre\bin\zip.dll
0x000007fefe630000 - 0x000007feff3b9000 	C:\Windows\system32\SHELL32.dll
0x000007fefdc30000 - 0x000007fefde33000 	C:\Windows\system32\ole32.dll
0x000007fefd210000 - 0x000007fefd21f000 	C:\Windows\system32\profapi.dll

VM Arguments:
jvm_args: -Djava.awt.headless=true -Xmx1024M -Dfile.encoding=x-windows-949 -Duser.country=KR -Duser.language=ko -Duser.variant 
java_command: com.android.dx.command.Main --dex --force-jumbo --num-threads=4 --multi-dex --output C:\Users\user\Desktop\GoogleMapsNearbyPlaces\GoogleMapsNearbyPlaces\app\build\intermediates\transforms\dex\debug\folders\1000\10\com.google.android.gms-play-services-analytics-8.4.0_a6b5de56727072aa95580e4be005a1ec3dd77a36 C:\Users\user\Desktop\GoogleMapsNearbyPlaces\GoogleMapsNearbyPlaces\app\build\intermediates\exploded-aar\com.google.android.gms\play-services-analytics\8.4.0\jars\classes.jar
java_class_path (initial): C:\Users\user\AppData\Local\Android\sdk\build-tools\23.0.2\lib\dx.jar
Launcher Type: SUN_STANDARD

Environment Variables:
JAVA_HOME=C:\Program Files\Java\jre1.8.0_101
PATH=C:\ProgramData\Oracle\Java\javapath;C:\Windows\system32;C:\Windows;C:\Windows\System32\Wbem;C:\Windows\System32\WindowsPowerShell\v1.0\;C:\Program Files\Java\jdk1.8.0_74\bin;C:\Program Files (x86)\NVIDIA Corporation\PhysX\Common;C:\Program Files (x86)\Skype\Phone\;C:\Windows\system32\config\systemprofile\.dnx\bin;C:\Program Files\Microsoft DNX\Dnvm\;C:\Program Files (x86)\Windows Kits\8.1\Windows Performance Toolkit\;C:\Program Files (x86)\Microsoft SQL Server\Client SDK\ODBC\110\Tools\Binn\;C:\Program Files (x86)\Microsoft SQL Server\120\Tools\Binn\;C:\Program Files (x86)\Microsoft SQL Server\120\DTS\Binn\;C:\Program Files (x86)\Microsoft SQL Server\120\Tools\Binn\ManagementStudio\;C:\Apache24\bin\;C:\Program Files\Java\jdk1.8.0_74\bin;
USERNAME=user
OS=Windows_NT
PROCESSOR_IDENTIFIER=Intel64 Family 6 Model 45 Stepping 7, GenuineIntel



---------------  S Y S T E M  ---------------

OS: Windows 7 , 64 bit Build 7601 (6.1.7601.18798)

CPU:total 8 (6 cores per cpu, 2 threads per core) family 6 model 45 stepping 7, cmov, cx8, fxsr, mmx, sse, sse2, sse3, ssse3, sse4.1, sse4.2, popcnt, avx, aes, clmul, ht, tsc, tscinvbit, tscinv

Memory: 4k page, physical 8325856k(857652k free), swap 10421156k(4852k free)

vm_info: Java HotSpot(TM) 64-Bit Server VM (25.74-b02) for windows-amd64 JRE (1.8.0_74-b02), built on Jan 29 2016 17:42:36 by "java_re" with MS VC++ 10.0 (VS2010)

time: Sat Dec 03 23:54:07 2016
elapsed time: 6 seconds (0d 0h 0m 6s)

