#
# There is insufficient memory for the Java Runtime Environment to continue.
# Native memory allocation (malloc) failed to allocate 133776 bytes for Chunk::new
# Possible reasons:
#   The system is out of physical RAM or swap space
#   In 32 bit mode, the process size limit was hit
# Possible solutions:
#   Reduce memory load on the system
#   Increase physical memory or swap space
#   Check if swap backing store is full
#   Use 64 bit Java on a 64 bit OS
#   Decrease Java heap size (-Xmx/-Xms)
#   Decrease number of Java threads
#   Decrease Java thread stack sizes (-Xss)
#   Set larger code cache with -XX:ReservedCodeCacheSize=
# This output file may be truncated or incomplete.
#
#  Out of Memory Error (allocation.cpp:390), pid=1896, tid=7608
#
# JRE version: Java(TM) SE Runtime Environment (8.0_74-b02) (build 1.8.0_74-b02)
# Java VM: Java HotSpot(TM) 64-Bit Server VM (25.74-b02 mixed mode windows-amd64 compressed oops)
# Failed to write core dump. Minidumps are not enabled by default on client versions of Windows
#

---------------  T H R E A D  ---------------

Current thread (0x0000000016798800):  JavaThread "C2 CompilerThread2" daemon [_thread_in_native, id=7608, stack(0x0000000018190000,0x0000000018290000)]

Stack: [0x0000000018190000,0x0000000018290000]
[error occurred during error reporting (printing stack bounds), id 0xc0000005]

Native frames: (J=compiled Java code, j=interpreted, Vv=VM code, C=native code)


Current CompileTask:
C2:   4612 1181       4       com.android.dx.ssa.SsaMethod::computeReachability (131 bytes)


---------------  P R O C E S S  ---------------

Java Threads: ( => current thread )
  0x00000000187d7800 JavaThread "pool-2-thread-4" [_thread_blocked, id=9212, stack(0x0000000019400000,0x0000000019500000)]
  0x00000000187be000 JavaThread "pool-2-thread-3" [_thread_blocked, id=6552, stack(0x0000000019200000,0x0000000019300000)]
  0x00000000187b9000 JavaThread "pool-2-thread-2" [_thread_blocked, id=3116, stack(0x0000000019080000,0x0000000019180000)]
  0x00000000187b3800 JavaThread "pool-3-thread-1" [_thread_blocked, id=10372, stack(0x00000000182b0000,0x00000000183b0000)]
  0x00000000187b2800 JavaThread "pool-2-thread-1" [_thread_blocked, id=9564, stack(0x0000000018f70000,0x0000000019070000)]
  0x00000000167fb000 JavaThread "Service Thread" daemon [_thread_blocked, id=4724, stack(0x00000000183e0000,0x00000000184e0000)]
  0x00000000167a1000 JavaThread "C1 CompilerThread3" daemon [_thread_blocked, id=12080, stack(0x00000000179e0000,0x0000000017ae0000)]
=>0x0000000016798800 JavaThread "C2 CompilerThread2" daemon [_thread_in_native, id=7608, stack(0x0000000018190000,0x0000000018290000)]
  0x0000000016743800 JavaThread "C2 CompilerThread1" daemon [_thread_in_native, id=12020, stack(0x0000000017f90000,0x0000000018090000)]
  0x0000000016738000 JavaThread "C2 CompilerThread0" daemon [_thread_blocked, id=10256, stack(0x0000000017d80000,0x0000000017e80000)]
  0x0000000016729800 JavaThread "Attach Listener" daemon [_thread_blocked, id=7008, stack(0x0000000017620000,0x0000000017720000)]
  0x0000000016737000 JavaThread "Signal Dispatcher" daemon [_thread_blocked, id=10124, stack(0x0000000017c50000,0x0000000017d50000)]
  0x000000001566d800 JavaThread "Finalizer" daemon [_thread_blocked, id=9732, stack(0x0000000017b00000,0x0000000017c00000)]
  0x0000000015666800 JavaThread "Reference Handler" daemon [_thread_blocked, id=8716, stack(0x00000000178e0000,0x00000000179e0000)]
  0x000000000243e800 JavaThread "main" [_thread_in_native, id=9344, stack(0x0000000002590000,0x0000000002690000)]

Other Threads:
  0x00000000166d0800 VMThread [stack: 0x0000000017790000,0x0000000017890000] [id=6064]
  0x00000000167d2000 WatcherThread [stack: 0x0000000018570000,0x0000000018670000] [id=12164]

VM state:not at safepoint (normal execution)

VM Mutex/Monitor currently owned by a thread: None

Heap:
 PSYoungGen      total 38400K, used 29879K [0x00000000eab00000, 0x00000000ed580000, 0x0000000100000000)
  eden space 33280K, 74% used [0x00000000eab00000,0x00000000ec331b68,0x00000000ecb80000)
  from space 5120K, 99% used [0x00000000ecb80000,0x00000000ed07c278,0x00000000ed080000)
  to   space 5120K, 0% used [0x00000000ed080000,0x00000000ed080000,0x00000000ed580000)
 ParOldGen       total 87552K, used 1611K [0x00000000c0000000, 0x00000000c5580000, 0x00000000eab00000)
  object space 87552K, 1% used [0x00000000c0000000,0x00000000c0192e80,0x00000000c5580000)
 Metaspace       used 6123K, capacity 6966K, committed 7040K, reserved 1056768K
  class space    used 606K, capacity 622K, committed 640K, reserved 1048576K

Card table byte_map: [0x0000000011b20000,0x0000000011d30000] byte_map_base: 0x0000000011520000

Marking Bits: (ParMarkBitMap*) 0x00000000543f0600
 Begin Bits: [0x0000000012a80000, 0x0000000013a80000)
 End Bits:   [0x0000000013a80000, 0x0000000014a80000)

Polling page: 0x0000000000330000

CodeCache: size=245760Kb used=4713Kb max_used=4759Kb free=241046Kb
 bounds [0x0000000002760000, 0x0000000002c10000, 0x0000000011760000]
 total_blobs=1452 nmethods=1180 adapters=184
 compilation: disabled (not enough contiguous free space left)

Compilation events (10 events):
Event: 3.385 Thread 0x00000000167a1000 1149       1       com.android.dx.rop.annotation.NameValuePair::getValue (5 bytes)
Event: 3.385 Thread 0x00000000167a1000 nmethod 1149 0x0000000002bfc610 code [0x0000000002bfc760, 0x0000000002bfc870]
Event: 3.386 Thread 0x0000000016798800 nmethod 1176 0x0000000002bff990 code [0x0000000002bffb00, 0x0000000002bfff88]
Event: 3.386 Thread 0x0000000016798800 1181       4       com.android.dx.ssa.SsaMethod::computeReachability (131 bytes)
Event: 4.278 Thread 0x0000000016743800 1177       4       java.util.HashMap::<init> (11 bytes)
Event: 4.279 Thread 0x0000000016743800 nmethod 1177 0x0000000002b63810 code [0x0000000002b63940, 0x0000000002b63998]
Event: 4.279 Thread 0x0000000016743800 1178       4       com.android.dx.util.FixedSizeList::hashCode (8 bytes)
Event: 4.285 Thread 0x0000000016743800 nmethod 1178 0x0000000002bfcd90 code [0x0000000002bfcee0, 0x0000000002bfd138]
Event: 4.285 Thread 0x0000000016743800 1165       4       com.android.dx.rop.code.RopMethod::labelToPredecessors (54 bytes)
Event: 4.321 Thread 0x0000000016738000 


GC Heap History (2 events):
Event: 3.387 GC heap before
{Heap before GC invocations=1 (full 0):
 PSYoungGen      total 38400K, used 33280K [0x00000000eab00000, 0x00000000ed580000, 0x0000000100000000)
  eden space 33280K, 100% used [0x00000000eab00000,0x00000000ecb80000,0x00000000ecb80000)
  from space 5120K, 0% used [0x00000000ed080000,0x00000000ed080000,0x00000000ed580000)
  to   space 5120K, 0% used [0x00000000ecb80000,0x00000000ecb80000,0x00000000ed080000)
 ParOldGen       total 87552K, used 0K [0x00000000c0000000, 0x00000000c5580000, 0x00000000eab00000)
  object space 87552K, 0% used [0x00000000c0000000,0x00000000c0000000,0x00000000c5580000)
 Metaspace       used 6048K, capacity 6900K, committed 7040K, reserved 1056768K
  class space    used 604K, capacity 620K, committed 640K, reserved 1048576K
Event: 4.251 GC heap after
Heap after GC invocations=1 (full 0):
 PSYoungGen      total 38400K, used 5104K [0x00000000eab00000, 0x00000000ed580000, 0x0000000100000000)
  eden space 33280K, 0% used [0x00000000eab00000,0x00000000eab00000,0x00000000ecb80000)
  from space 5120K, 99% used [0x00000000ecb80000,0x00000000ed07c278,0x00000000ed080000)
  to   space 5120K, 0% used [0x00000000ed080000,0x00000000ed080000,0x00000000ed580000)
 ParOldGen       total 87552K, used 1611K [0x00000000c0000000, 0x00000000c5580000, 0x00000000eab00000)
  object space 87552K, 1% used [0x00000000c0000000,0x00000000c0192e80,0x00000000c5580000)
 Metaspace       used 6048K, capacity 6900K, committed 7040K, reserved 1056768K
  class space    used 604K, capacity 620K, committed 640K, reserved 1048576K
}

Deoptimization events (8 events):
Event: 3.257 Thread 0x00000000187d7800 Uncommon trap: reason=bimorphic action=maybe_recompile pc=0x00000000029a4cf0 method=java.util.HashMap.getNode(ILjava/lang/Object;)Ljava/util/HashMap$Node; @ 126
Event: 3.264 Thread 0x00000000187b9000 Uncommon trap: reason=bimorphic action=maybe_recompile pc=0x00000000029a4cf0 method=java.util.HashMap.getNode(ILjava/lang/Object;)Ljava/util/HashMap$Node; @ 126
Event: 3.282 Thread 0x00000000187d7800 Uncommon trap: reason=bimorphic action=maybe_recompile pc=0x00000000029a4cf0 method=java.util.HashMap.getNode(ILjava/lang/Object;)Ljava/util/HashMap$Node; @ 126
Event: 3.284 Thread 0x00000000187b9000 Uncommon trap: reason=unloaded action=reinterpret pc=0x0000000002a32678 method=com.android.dx.ssa.SsaRenamer$BlockRenamer.visitMoveInsn(Lcom/android/dx/ssa/NormalSsaInsn;)V @ 208
Event: 3.284 Thread 0x00000000187b9000 Uncommon trap: reason=unstable_if action=reinterpret pc=0x0000000002ad6a00 method=com.android.dx.ssa.NormalSsaInsn.getLocalAssignment()Lcom/android/dx/rop/code/RegisterSpec; @ 12
Event: 3.284 Thread 0x00000000187b9000 Uncommon trap: reason=unstable_if action=reinterpret pc=0x0000000002aa3418 method=com.android.dx.ssa.NormalSsaInsn.getLocalAssignment()Lcom/android/dx/rop/code/RegisterSpec; @ 12
Event: 3.284 Thread 0x00000000187b9000 Uncommon trap: reason=unstable_if action=reinterpret pc=0x0000000002a87aa0 method=com.android.dx.ssa.NormalSsaInsn.getLocalAssignment()Lcom/android/dx/rop/code/RegisterSpec; @ 12
Event: 3.346 Thread 0x000000000243e800 Uncommon trap: reason=unstable_if action=reinterpret pc=0x0000000002b908e8 method=com.android.dx.cf.code.Ropper.labelToResultIndex(I)I @ 34

Internal exceptions (2 events):
Event: 0.540 Thread 0x000000000243e800 Exception <a 'java/lang/NoSuchMethodError': Method sun.misc.Unsafe.defineClass(Ljava/lang/String;[BII)Ljava/lang/Class; name or signature does not match> (0x00000000eab07cc0) thrown at [C:\re\workspace\8-2-build-windows-amd64-cygwin\jdk8u74\6087\hotspot\srç#°¸Eá?
Event: 0.540 Thread 0x000000000243e800 Exception <a 'java/lang/NoSuchMethodError': Method sun.misc.Unsafe.prefetchRead(Ljava/lang/Object;J)V name or signature does not match> (0x00000000eab07fa8) thrown at [C:\re\workspace\8-2-build-windows-amd64-cygwin\jdk8u74\6087\hotspot\src\share\vm\prims\j

Events (10 events):
Event: 3.297 loading class com/android/dx/dex/file/ParameterAnnotationStruct done
Event: 3.298 loading class com/android/dx/dex/file/UniformListItem
Event: 3.298 loading class com/android/dx/dex/file/UniformListItem done
Event: 3.299 loading class com/android/dx/dex/file/AnnotationSetRefItem
Event: 3.299 loading class com/android/dx/dex/file/AnnotationSetRefItem done
Event: 3.346 Thread 0x000000000243e800 Uncommon trap: trap_request=0xffffff65 fr.pc=0x0000000002b908e8
Event: 3.346 Thread 0x000000000243e800 DEOPT PACKING pc=0x0000000002b908e8 sp=0x000000000268e620
Event: 3.346 Thread 0x000000000243e800 DEOPT UNPACKING pc=0x00000000027a582a sp=0x000000000268e5b8 mode 2
Event: 3.387 Executing VM operation: ParallelGCFailedAllocation
Event: 4.251 Executing VM operation: ParallelGCFailedAllocation done


Dynamic libraries:
0x000000013fa40000 - 0x000000013fa77000 	C:\Program Files\Java\jdk1.8.0_74\bin\java.exe
0x0000000077450000 - 0x00000000775f8000 	C:\Windows\SYSTEM32\ntdll.dll
0x0000000077230000 - 0x000000007734f000 	C:\Windows\system32\kernel32.dll
0x000007fefd540000 - 0x000007fefd5ac000 	C:\Windows\system32\KERNELBASE.dll
0x000007fefe0c0000 - 0x000007fefe19b000 	C:\Windows\system32\ADVAPI32.dll
0x000007fefd650000 - 0x000007fefd6ef000 	C:\Windows\system32\msvcrt.dll
0x000007feff6a0000 - 0x000007feff6bf000 	C:\Windows\SYSTEM32\sechost.dll
0x000007fefdf20000 - 0x000007fefe04d000 	C:\Windows\system32\RPCRT4.dll
0x0000000077350000 - 0x000000007744a000 	C:\Windows\system32\USER32.dll
0x000007fefe050000 - 0x000007fefe0b7000 	C:\Windows\system32\GDI32.dll
0x000007fefd5c0000 - 0x000007fefd5ce000 	C:\Windows\system32\LPK.dll
0x000007fefd900000 - 0x000007fefd9c9000 	C:\Windows\system32\USP10.dll
0x000007fefbb30000 - 0x000007fefbd24000 	C:\Windows\WinSxS\amd64_microsoft.windows.common-controls_6595b64144ccf1df_6.0.7601.17514_none_fa396087175ac9ac\COMCTL32.dll
0x000007fefd5d0000 - 0x000007fefd641000 	C:\Windows\system32\SHLWAPI.dll
0x000007fefe600000 - 0x000007fefe62e000 	C:\Windows\system32\IMM32.DLL
0x000007fefd7f0000 - 0x000007fefd8f9000 	C:\Windows\system32\MSCTF.dll
0x0000000069170000 - 0x0000000069242000 	C:\Program Files\Java\jdk1.8.0_74\jre\bin\msvcr100.dll
0x0000000053be0000 - 0x0000000054470000 	C:\Program Files\Java\jdk1.8.0_74\jre\bin\server\jvm.dll
0x000007fee9ad0000 - 0x000007fee9ad9000 	C:\Windows\system32\WSOCK32.dll
0x000007fefe1a0000 - 0x000007fefe1ed000 	C:\Windows\system32\WS2_32.dll
0x000007feff690000 - 0x000007feff698000 	C:\Windows\system32\NSI.dll
0x000007fef9800000 - 0x000007fef983b000 	C:\Windows\system32\WINMM.dll
0x000007fefc2d0000 - 0x000007fefc2dc000 	C:\Windows\system32\VERSION.dll
0x0000000077610000 - 0x0000000077617000 	C:\Windows\system32\PSAPI.DLL
0x00000000720d0000 - 0x00000000720df000 	C:\Program Files\Java\jdk1.8.0_74\jre\bin\verify.dll
0x0000000069460000 - 0x0000000069489000 	C:\Program Files\Java\jdk1.8.0_74\jre\bin\java.dll
0x000000006a460000 - 0x000000006a476000 	C:\Program Files\Java\jdk1.8.0_74\jre\bin\zip.dll
0x000007fefe630000 - 0x000007feff3b9000 	C:\Windows\system32\SHELL32.dll
0x000007fefdc30000 - 0x000007fefde33000 	C:\Windows\system32\ole32.dll
0x000007fefd210000 - 0x000007fefd21f000 	C:\Windows\system32\profapi.dll

VM Arguments:
jvm_args: -Djava.awt.headless=true -Xmx1024M -Dfile.encoding=x-windows-949 -Duser.country=KR -Duser.language=ko -Duser.variant 
java_command: com.android.dx.command.Main --dex --force-jumbo --num-threads=4 --multi-dex --output C:\Users\user\Desktop\GoogleMapsNearbyPlaces\GoogleMapsNearbyPlaces\app\build\intermediates\transforms\dex\debug\folders\1000\10\com.google.android.gms-play-services-location-8.4.0_1e2430c285f4277f3131047c8fbc19837c4a2705 C:\Users\user\Desktop\GoogleMapsNearbyPlaces\GoogleMapsNearbyPlaces\app\build\intermediates\exploded-aar\com.google.android.gms\play-services-location\8.4.0\jars\classes.jar
java_class_path (initial): C:\Users\user\AppData\Local\Android\sdk\build-tools\23.0.2\lib\dx.jar
Launcher Type: SUN_STANDARD

Environment Variables:
JAVA_HOME=C:\Program Files\Java\jre1.8.0_101
PATH=C:\ProgramData\Oracle\Java\javapath;C:\Windows\system32;C:\Windows;C:\Windows\System32\Wbem;C:\Windows\System32\WindowsPowerShell\v1.0\;C:\Program Files\Java\jdk1.8.0_74\bin;C:\Program Files (x86)\NVIDIA Corporation\PhysX\Common;C:\Program Files (x86)\Skype\Phone\;C:\Windows\system32\config\systemprofile\.dnx\bin;C:\Program Files\Microsoft DNX\Dnvm\;C:\Program Files (x86)\Windows Kits\8.1\Windows Performance Toolkit\;C:\Program Files (x86)\Microsoft SQL Server\Client SDK\ODBC\110\Tools\Binn\;C:\Program Files (x86)\Microsoft SQL Server\120\Tools\Binn\;C:\Program Files (x86)\Microsoft SQL Server\120\DTS\Binn\;C:\Program Files (x86)\Microsoft SQL Server\120\Tools\Binn\ManagementStudio\;C:\Apache24\bin\;C:\Program Files\Java\jdk1.8.0_74\bin;
USERNAME=user
OS=Windows_NT
PROCESSOR_IDENTIFIER=Intel64 Family 6 Model 45 Stepping 7, GenuineIntel



---------------  S Y S T E M  ---------------

OS: Windows 7 , 64 bit Build 7601 (6.1.7601.18798)

CPU:total 8 (6 cores per cpu, 2 threads per core) family 6 model 45 stepping 7, cmov, cx8, fxsr, mmx, sse, sse2, sse3, ssse3, sse4.1, sse4.2, popcnt, avx, aes, clmul, ht, tsc, tscinvbit, tscinv

Memory: 4k page, physical 8325856k(703820k free), swap 10421156k(5908k free)

vm_info: Java HotSpot(TM) 64-Bit Server VM (25.74-b02) for windows-amd64 JRE (1.8.0_74-b02), built on Jan 29 2016 17:42:36 by "java_re" with MS VC++ 10.0 (VS2010)

time: Sat Dec 03 21:09:01 2016
elapsed time: 4 seconds (0d 0h 0m 4s)

