#
# There is insufficient memory for the Java Runtime Environment to continue.
# Native memory allocation (malloc) failed to allocate 1543536 bytes for Chunk::new
# Possible reasons:
#   The system is out of physical RAM or swap space
#   In 32 bit mode, the process size limit was hit
# Possible solutions:
#   Reduce memory load on the system
#   Increase physical memory or swap space
#   Check if swap backing store is full
#   Use 64 bit Java on a 64 bit OS
#   Decrease Java heap size (-Xmx/-Xms)
#   Decrease number of Java threads
#   Decrease Java thread stack sizes (-Xss)
#   Set larger code cache with -XX:ReservedCodeCacheSize=
# This output file may be truncated or incomplete.
#
#  Out of Memory Error (allocation.cpp:390), pid=8940, tid=7812
#
# JRE version: Java(TM) SE Runtime Environment (8.0_74-b02) (build 1.8.0_74-b02)
# Java VM: Java HotSpot(TM) 64-Bit Server VM (25.74-b02 mixed mode windows-amd64 compressed oops)
# Failed to write core dump. Minidumps are not enabled by default on client versions of Windows
#

---------------  T H R E A D  ---------------

Current thread (0x000000001658a000):  JavaThread "C2 CompilerThread0" daemon [_thread_in_native, id=7812, stack(0x0000000017c40000,0x0000000017d40000)]

Stack: [0x0000000017c40000,0x0000000017d40000]
[error occurred during error reporting (printing stack bounds), id 0xc0000005]

Native frames: (J=compiled Java code, j=interpreted, Vv=VM code, C=native code)


Current CompileTask:
C2:   7684 1530   !   4       com.android.dx.cf.cst.ConstantPoolParser::parse0 (731 bytes)


---------------  P R O C E S S  ---------------

Java Threads: ( => current thread )
  0x0000000018492000 JavaThread "pool-2-thread-4" [_thread_blocked, id=1928, stack(0x0000000019520000,0x0000000019620000)]
  0x000000001847c000 JavaThread "pool-2-thread-3" [_thread_blocked, id=1264, stack(0x0000000019320000,0x0000000019420000)]
  0x000000001846f000 JavaThread "pool-2-thread-2" [_thread_in_Java, id=1616, stack(0x0000000019150000,0x0000000019250000)]
  0x000000001689b800 JavaThread "pool-3-thread-1" [_thread_blocked, id=8320, stack(0x0000000018f50000,0x0000000019050000)]
  0x000000001689a800 JavaThread "pool-2-thread-1" [_thread_in_vm, id=11560, stack(0x0000000018d40000,0x0000000018e40000)]
  0x0000000016608000 JavaThread "Service Thread" daemon [_thread_blocked, id=8788, stack(0x00000000181e0000,0x00000000182e0000)]
  0x00000000165ec800 JavaThread "C1 CompilerThread3" daemon [_thread_blocked, id=11748, stack(0x0000000017ed0000,0x0000000017fd0000)]
  0x00000000165ec000 JavaThread "C2 CompilerThread2" daemon [_thread_in_native, id=11052, stack(0x0000000018050000,0x0000000018150000)]
  0x0000000016593800 JavaThread "C2 CompilerThread1" daemon [_thread_in_native, id=4796, stack(0x0000000017dd0000,0x0000000017ed0000)]
=>0x000000001658a000 JavaThread "C2 CompilerThread0" daemon [_thread_in_native, id=7812, stack(0x0000000017c40000,0x0000000017d40000)]
  0x000000001657e000 JavaThread "Attach Listener" daemon [_thread_blocked, id=8348, stack(0x0000000017aa0000,0x0000000017ba0000)]
  0x0000000016587800 JavaThread "Signal Dispatcher" daemon [_thread_blocked, id=6320, stack(0x0000000017860000,0x0000000017960000)]
  0x00000000153b0000 JavaThread "Finalizer" daemon [_thread_blocked, id=8572, stack(0x00000000175a0000,0x00000000176a0000)]
  0x00000000153a9000 JavaThread "Reference Handler" daemon [_thread_blocked, id=11144, stack(0x00000000176d0000,0x00000000177d0000)]
  0x0000000001d0e800 JavaThread "main" [_thread_blocked, id=10516, stack(0x0000000002740000,0x0000000002840000)]

Other Threads:
  0x0000000016522800 VMThread [stack: 0x0000000017470000,0x0000000017570000] [id=3992]
  0x0000000016674000 WatcherThread [stack: 0x0000000018320000,0x0000000018420000] [id=11396]

VM state:not at safepoint (normal execution)

VM Mutex/Monitor currently owned by a thread: None

Heap:
 PSYoungGen      total 38400K, used 32108K [0x00000000eab00000, 0x00000000ed580000, 0x0000000100000000)
  eden space 33280K, 81% used [0x00000000eab00000,0x00000000ec55f018,0x00000000ecb80000)
  from space 5120K, 99% used [0x00000000ecb80000,0x00000000ed07c288,0x00000000ed080000)
  to   space 5120K, 0% used [0x00000000ed080000,0x00000000ed080000,0x00000000ed580000)
 ParOldGen       total 87552K, used 1715K [0x00000000c0000000, 0x00000000c5580000, 0x00000000eab00000)
  object space 87552K, 1% used [0x00000000c0000000,0x00000000c01acff8,0x00000000c5580000)
 Metaspace       used 6267K, capacity 7096K, committed 7296K, reserved 1056768K
  class space    used 609K, capacity 624K, committed 640K, reserved 1048576K

Card table byte_map: [0x0000000011c00000,0x0000000011e10000] byte_map_base: 0x0000000011600000

Marking Bits: (ParMarkBitMap*) 0x00000000543f0600
 Begin Bits: [0x00000000127c0000, 0x00000000137c0000)
 End Bits:   [0x00000000137c0000, 0x00000000147c0000)

Polling page: 0x0000000000340000

CodeCache: size=245760Kb used=7002Kb max_used=7002Kb free=238757Kb
 bounds [0x0000000002840000, 0x0000000002f20000, 0x0000000011840000]
 total_blobs=1846 nmethods=1573 adapters=184
 compilation: enabled

Compilation events (10 events):
Event: 7.656 Thread 0x00000000165ec800 1567       3       com.android.dx.dex.file.AnnotationItem::addContents (27 bytes)
Event: 7.657 Thread 0x00000000165ec800 nmethod 1567 0x0000000002f09f90 code [0x0000000002f0a100, 0x0000000002f0a498]
Event: 7.658 Thread 0x00000000165ec800 1568       3       java.util.concurrent.ThreadPoolExecutor$Worker::lock (6 bytes)
Event: 7.659 Thread 0x00000000165ec800 nmethod 1568 0x0000000002f0a5d0 code [0x0000000002f0a780, 0x0000000002f0af08]
Event: 7.659 Thread 0x00000000165ec800 1569       3       java.util.concurrent.ThreadPoolExecutor$Worker::tryAcquire (20 bytes)
Event: 7.660 Thread 0x00000000165ec800 nmethod 1569 0x0000000002f0b150 code [0x0000000002f0b2c0, 0x0000000002f0b650]
Event: 7.660 Thread 0x00000000165ec800 1570       3       java.util.concurrent.ThreadPoolExecutor::runStateAtLeast (11 bytes)
Event: 7.660 Thread 0x00000000165ec800 nmethod 1570 0x0000000002f0b710 code [0x0000000002f0b860, 0x0000000002f0b9f0]
Event: 7.660 Thread 0x00000000165ec800 1571       3       com.android.dx.rop.type.Type::asUninitialized (140 bytes)
Event: 7.662 Thread 0x00000000165ec800 nmethod 1571 0x0000000002f0ba50 code [0x0000000002f0bda0, 0x0000000002f0d958]

GC Heap History (2 events):
Event: 4.197 GC heap before
{Heap before GC invocations=1 (full 0):
 PSYoungGen      total 38400K, used 33280K [0x00000000eab00000, 0x00000000ed580000, 0x0000000100000000)
  eden space 33280K, 100% used [0x00000000eab00000,0x00000000ecb80000,0x00000000ecb80000)
  from space 5120K, 0% used [0x00000000ed080000,0x00000000ed080000,0x00000000ed580000)
  to   space 5120K, 0% used [0x00000000ecb80000,0x00000000ecb80000,0x00000000ed080000)
 ParOldGen       total 87552K, used 0K [0x00000000c0000000, 0x00000000c5580000, 0x00000000eab00000)
  object space 87552K, 0% used [0x00000000c0000000,0x00000000c0000000,0x00000000c5580000)
 Metaspace       used 6072K, capacity 6966K, committed 7040K, reserved 1056768K
  class space    used 606K, capacity 622K, committed 640K, reserved 1048576K
Event: 4.210 GC heap after
Heap after GC invocations=1 (full 0):
 PSYoungGen      total 38400K, used 5104K [0x00000000eab00000, 0x00000000ed580000, 0x0000000100000000)
  eden space 33280K, 0% used [0x00000000eab00000,0x00000000eab00000,0x00000000ecb80000)
  from space 5120K, 99% used [0x00000000ecb80000,0x00000000ed07c288,0x00000000ed080000)
  to   space 5120K, 0% used [0x00000000ed080000,0x00000000ed080000,0x00000000ed580000)
 ParOldGen       total 87552K, used 1715K [0x00000000c0000000, 0x00000000c5580000, 0x00000000eab00000)
  object space 87552K, 1% used [0x00000000c0000000,0x00000000c01acff8,0x00000000c5580000)
 Metaspace       used 6072K, capacity 6966K, committed 7040K, reserved 1056768K
  class space    used 606K, capacity 622K, committed 640K, reserved 1048576K
}

Deoptimization events (10 events):
Event: 4.193 Thread 0x0000000001d0e800 Uncommon trap: reason=unloaded action=reinterpret pc=0x0000000002d1f858 method=com.android.dx.cf.cst.ConstantPoolParser.parse0(ILjava/util/BitSet;)Lcom/android/dx/rop/cst/Constant; @ 198
Event: 4.193 Thread 0x000000001689a800 Uncommon trap: reason=unstable_if action=reinterpret pc=0x0000000002c556d4 method=com.android.dx.rop.code.RegisterSpecSet.put(Lcom/android/dx/rop/code/RegisterSpec;)V @ 77
Event: 4.465 Thread 0x000000001847c000 Uncommon trap: reason=uninitialized action=reinterpret pc=0x0000000002d0a774 method=com.android.dx.cf.code.BytecodeArray.parseInstruction(ILcom/android/dx/cf/code/BytecodeArray$Visitor;)I @ 999
Event: 4.472 Thread 0x0000000018492000 Uncommon trap: reason=bimorphic action=maybe_recompile pc=0x0000000002cd41f4 method=java.util.HashMap.getNode(ILjava/lang/Object;)Ljava/util/HashMap$Node; @ 126
Event: 4.482 Thread 0x0000000018492000 Uncommon trap: reason=bimorphic action=maybe_recompile pc=0x0000000002cd41f4 method=java.util.HashMap.getNode(ILjava/lang/Object;)Ljava/util/HashMap$Node; @ 126
Event: 5.367 Thread 0x000000001689a800 Uncommon trap: reason=null_check action=make_not_entrant pc=0x0000000002adc890 method=com.android.dx.rop.type.Type.equals(Ljava/lang/Object;)Z @ 8
Event: 5.370 Thread 0x000000001689a800 Uncommon trap: reason=unstable_if action=reinterpret pc=0x0000000002db1394 method=com.android.dx.ssa.SCCP.simulateBranch(Lcom/android/dx/ssa/SsaInsn;)V @ 548
Event: 6.199 Thread 0x000000001847c000 Uncommon trap: reason=bimorphic action=maybe_recompile pc=0x0000000002da600c method=com.android.dx.ssa.LiteralOpUpgrader.tryReplacingWithConstant(Lcom/android/dx/ssa/NormalSsaInsn;)Z @ 52
Event: 6.199 Thread 0x000000001847c000 Uncommon trap: reason=unstable_if action=reinterpret pc=0x0000000002e1c1b8 method=com.android.dx.dex.code.RopToDop.dopFor(Lcom/android/dx/rop/code/Insn;)Lcom/android/dx/dex/code/Dop; @ 747
Event: 7.312 Thread 0x0000000018492000 Uncommon trap: reason=unstable_if action=reinterpret pc=0x0000000002cc6e98 method=com.android.dx.ssa.SCCP.simulateStmt(Lcom/android/dx/ssa/SsaInsn;)V @ 53

Internal exceptions (4 events):
Event: 0.079 Thread 0x0000000001d0e800 Exception <a 'java/lang/NoSuchMethodError': Method sun.misc.Unsafe.defineClass(Ljava/lang/String;[BII)Ljava/lang/Class; name or signature does not match> (0x00000000eab07cc0) thrown at [C:\re\workspace\8-2-build-windows-amd64-cygwin\jdk8u74\6087\hotspot\sróVı˜Ê8¥?
Event: 0.079 Thread 0x0000000001d0e800 Exception <a 'java/lang/NoSuchMethodError': Method sun.misc.Unsafe.prefetchRead(Ljava/lang/Object;J)V name or signature does not match> (0x00000000eab07fa8) thrown at [C:\re\workspace\8-2-build-windows-amd64-cygwin\jdk8u74\6087\hotspot\src\share\vm\prims\jçÇ.è#˛?
Event: 1.884 Thread 0x000000001847c000 Implicit null exception at 0x0000000002aba65b to 0x0000000002abb83d
Event: 5.367 Thread 0x000000001689a800 Implicit null exception at 0x0000000002adc792 to 0x0000000002adc882

Events (10 events):
Event: 6.199 Thread 0x000000001847c000 DEOPT PACKING pc=0x0000000002da600c sp=0x000000001941ec70
Event: 6.199 Thread 0x000000001847c000 DEOPT UNPACKING pc=0x000000000288582a sp=0x000000001941eb58 mode 2
Event: 6.199 Thread 0x000000001847c000 Uncommon trap: trap_request=0xffffff65 fr.pc=0x0000000002e1c1b8
Event: 6.199 Thread 0x000000001847c000 DEOPT PACKING pc=0x0000000002e1c1b8 sp=0x000000001941eaa0
Event: 6.199 Thread 0x000000001847c000 DEOPT UNPACKING pc=0x000000000288582a sp=0x000000001941ea40 mode 2
Event: 7.311 loading class com/android/dx/rop/code/RegisterSpec$1
Event: 7.311 loading class com/android/dx/rop/code/RegisterSpec$1 done
Event: 7.312 Thread 0x0000000018492000 Uncommon trap: trap_request=0xffffff65 fr.pc=0x0000000002cc6e98
Event: 7.312 Thread 0x0000000018492000 DEOPT PACKING pc=0x0000000002cc6e98 sp=0x000000001961e7e0
Event: 7.312 Thread 0x0000000018492000 DEOPT UNPACKING pc=0x000000000288582a sp=0x000000001961e7d8 mode 2


Dynamic libraries:
0x000000013fa40000 - 0x000000013fa77000 	C:\Program Files\Java\jdk1.8.0_74\bin\java.exe
0x0000000077450000 - 0x00000000775f8000 	C:\Windows\SYSTEM32\ntdll.dll
0x0000000077230000 - 0x000000007734f000 	C:\Windows\system32\kernel32.dll
0x000007fefd540000 - 0x000007fefd5ac000 	C:\Windows\system32\KERNELBASE.dll
0x000007fefe0c0000 - 0x000007fefe19b000 	C:\Windows\system32\ADVAPI32.dll
0x000007fefd650000 - 0x000007fefd6ef000 	C:\Windows\system32\msvcrt.dll
0x000007feff6a0000 - 0x000007feff6bf000 	C:\Windows\SYSTEM32\sechost.dll
0x000007fefdf20000 - 0x000007fefe04d000 	C:\Windows\system32\RPCRT4.dll
0x0000000077350000 - 0x000000007744a000 	C:\Windows\system32\USER32.dll
0x000007fefe050000 - 0x000007fefe0b7000 	C:\Windows\system32\GDI32.dll
0x000007fefd5c0000 - 0x000007fefd5ce000 	C:\Windows\system32\LPK.dll
0x000007fefd900000 - 0x000007fefd9c9000 	C:\Windows\system32\USP10.dll
0x000007fefbb30000 - 0x000007fefbd24000 	C:\Windows\WinSxS\amd64_microsoft.windows.common-controls_6595b64144ccf1df_6.0.7601.17514_none_fa396087175ac9ac\COMCTL32.dll
0x000007fefd5d0000 - 0x000007fefd641000 	C:\Windows\system32\SHLWAPI.dll
0x000007fefe600000 - 0x000007fefe62e000 	C:\Windows\system32\IMM32.DLL
0x000007fefd7f0000 - 0x000007fefd8f9000 	C:\Windows\system32\MSCTF.dll
0x0000000069170000 - 0x0000000069242000 	C:\Program Files\Java\jdk1.8.0_74\jre\bin\msvcr100.dll
0x0000000053be0000 - 0x0000000054470000 	C:\Program Files\Java\jdk1.8.0_74\jre\bin\server\jvm.dll
0x000007fee9ad0000 - 0x000007fee9ad9000 	C:\Windows\system32\WSOCK32.dll
0x000007fefe1a0000 - 0x000007fefe1ed000 	C:\Windows\system32\WS2_32.dll
0x000007feff690000 - 0x000007feff698000 	C:\Windows\system32\NSI.dll
0x000007fef9800000 - 0x000007fef983b000 	C:\Windows\system32\WINMM.dll
0x000007fefc2d0000 - 0x000007fefc2dc000 	C:\Windows\system32\VERSION.dll
0x0000000077610000 - 0x0000000077617000 	C:\Windows\system32\PSAPI.DLL
0x00000000720d0000 - 0x00000000720df000 	C:\Program Files\Java\jdk1.8.0_74\jre\bin\verify.dll
0x0000000069460000 - 0x0000000069489000 	C:\Program Files\Java\jdk1.8.0_74\jre\bin\java.dll
0x000000006a460000 - 0x000000006a476000 	C:\Program Files\Java\jdk1.8.0_74\jre\bin\zip.dll
0x000007fefe630000 - 0x000007feff3b9000 	C:\Windows\system32\SHELL32.dll
0x000007fefdc30000 - 0x000007fefde33000 	C:\Windows\system32\ole32.dll
0x000007fefd210000 - 0x000007fefd21f000 	C:\Windows\system32\profapi.dll

VM Arguments:
jvm_args: -Djava.awt.headless=true -Xmx1024M -Dfile.encoding=x-windows-949 -Duser.country=KR -Duser.language=ko -Duser.variant 
java_command: com.android.dx.command.Main --dex --force-jumbo --num-threads=4 --multi-dex --output C:\Users\user\Desktop\GoogleMapsNearbyPlaces\GoogleMapsNearbyPlaces\app\build\intermediates\transforms\dex\debug\folders\1000\10\com.google.android.gms-play-services-auth-8.4.0_c2186da5e38e8920e1d2254f954fb17596703db4 C:\Users\user\Desktop\GoogleMapsNearbyPlaces\GoogleMapsNearbyPlaces\app\build\intermediates\exploded-aar\com.google.android.gms\play-services-auth\8.4.0\jars\classes.jar
java_class_path (initial): C:\Users\user\AppData\Local\Android\sdk\build-tools\23.0.2\lib\dx.jar
Launcher Type: SUN_STANDARD

Environment Variables:
JAVA_HOME=C:\Program Files\Java\jre1.8.0_101
PATH=C:\ProgramData\Oracle\Java\javapath;C:\Windows\system32;C:\Windows;C:\Windows\System32\Wbem;C:\Windows\System32\WindowsPowerShell\v1.0\;C:\Program Files\Java\jdk1.8.0_74\bin;C:\Program Files (x86)\NVIDIA Corporation\PhysX\Common;C:\Program Files (x86)\Skype\Phone\;C:\Windows\system32\config\systemprofile\.dnx\bin;C:\Program Files\Microsoft DNX\Dnvm\;C:\Program Files (x86)\Windows Kits\8.1\Windows Performance Toolkit\;C:\Program Files (x86)\Microsoft SQL Server\Client SDK\ODBC\110\Tools\Binn\;C:\Program Files (x86)\Microsoft SQL Server\120\Tools\Binn\;C:\Program Files (x86)\Microsoft SQL Server\120\DTS\Binn\;C:\Program Files (x86)\Microsoft SQL Server\120\Tools\Binn\ManagementStudio\;C:\Apache24\bin\;C:\Program Files\Java\jdk1.8.0_74\bin;
USERNAME=user
OS=Windows_NT
PROCESSOR_IDENTIFIER=Intel64 Family 6 Model 45 Stepping 7, GenuineIntel



---------------  S Y S T E M  ---------------

OS: Windows 7 , 64 bit Build 7601 (6.1.7601.18798)

CPU:total 8 (6 cores per cpu, 2 threads per core) family 6 model 45 stepping 7, cmov, cx8, fxsr, mmx, sse, sse2, sse3, ssse3, sse4.1, sse4.2, popcnt, avx, aes, clmul, ht, tsc, tscinvbit, tscinv

Memory: 4k page, physical 8325856k(953168k free), swap 10421156k(5092k free)

vm_info: Java HotSpot(TM) 64-Bit Server VM (25.74-b02) for windows-amd64 JRE (1.8.0_74-b02), built on Jan 29 2016 17:42:36 by "java_re" with MS VC++ 10.0 (VS2010)

time: Sat Dec 03 23:54:15 2016
elapsed time: 7 seconds (0d 0h 0m 7s)

